mode: set
github.com/osolmaz/brokerkit/brokers/sudo/internal/executorprotocol/protocol.go:65.21,65.73 1 1
github.com/osolmaz/brokerkit/brokers/sudo/internal/executorprotocol/protocol.go:67.60,69.2 1 1
github.com/osolmaz/brokerkit/brokers/sudo/internal/executorprotocol/protocol.go:71.53,73.2 1 1
github.com/osolmaz/brokerkit/brokers/sudo/internal/executorprotocol/protocol.go:75.63,77.2 1 1
github.com/osolmaz/brokerkit/brokers/sudo/internal/executorprotocol/protocol.go:79.55,81.2 1 1
github.com/osolmaz/brokerkit/brokers/sudo/internal/executorprotocol/protocol.go:83.85,84.40 1 1
github.com/osolmaz/brokerkit/brokers/sudo/internal/executorprotocol/protocol.go:84.40,86.3 1 1
github.com/osolmaz/brokerkit/brokers/sudo/internal/executorprotocol/protocol.go:87.2,87.34 1 1
github.com/osolmaz/brokerkit/brokers/sudo/internal/executorprotocol/protocol.go:90.80,92.50 2 1
github.com/osolmaz/brokerkit/brokers/sudo/internal/executorprotocol/protocol.go:92.50,94.3 1 1
github.com/osolmaz/brokerkit/brokers/sudo/internal/executorprotocol/protocol.go:95.2,95.40 1 1
github.com/osolmaz/brokerkit/brokers/sudo/internal/executorprotocol/protocol.go:95.40,97.3 1 1
github.com/osolmaz/brokerkit/brokers/sudo/internal/executorprotocol/protocol.go:98.2,98.19 1 1
github.com/osolmaz/brokerkit/brokers/sudo/internal/executorprotocol/protocol.go:101.52,103.16 2 1
github.com/osolmaz/brokerkit/brokers/sudo/internal/executorprotocol/protocol.go:103.16,105.3 1 0
github.com/osolmaz/brokerkit/brokers/sudo/internal/executorprotocol/protocol.go:106.2,106.48 1 1
github.com/osolmaz/brokerkit/brokers/sudo/internal/executorprotocol/protocol.go:106.48,108.3 1 0
github.com/osolmaz/brokerkit/brokers/sudo/internal/executorprotocol/protocol.go:109.2,111.52 3 1
github.com/osolmaz/brokerkit/brokers/sudo/internal/executorprotocol/protocol.go:111.52,113.3 1 1
github.com/osolmaz/brokerkit/brokers/sudo/internal/executorprotocol/protocol.go:114.2,114.31 1 1
github.com/osolmaz/brokerkit/brokers/sudo/internal/executorprotocol/protocol.go:117.52,118.20 1 1
github.com/osolmaz/brokerkit/brokers/sudo/internal/executorprotocol/protocol.go:118.20,120.17 2 1
github.com/osolmaz/brokerkit/brokers/sudo/internal/executorprotocol/protocol.go:120.17,122.4 1 1
github.com/osolmaz/brokerkit/brokers/sudo/internal/executorprotocol/protocol.go:123.3,123.42 1 1
github.com/osolmaz/brokerkit/brokers/sudo/internal/executorprotocol/protocol.go:123.42,125.4 1 1
github.com/osolmaz/brokerkit/brokers/sudo/internal/executorprotocol/protocol.go:126.3,126.24 1 1
github.com/osolmaz/brokerkit/brokers/sudo/internal/executorprotocol/protocol.go:128.2,128.12 1 1
github.com/osolmaz/brokerkit/brokers/sudo/internal/executorprotocol/protocol.go:131.49,134.60 3 1
github.com/osolmaz/brokerkit/brokers/sudo/internal/executorprotocol/protocol.go:134.60,136.3 1 0
github.com/osolmaz/brokerkit/brokers/sudo/internal/executorprotocol/protocol.go:137.2,138.38 2 1
github.com/osolmaz/brokerkit/brokers/sudo/internal/executorprotocol/protocol.go:138.38,140.3 1 1
github.com/osolmaz/brokerkit/brokers/sudo/internal/executorprotocol/protocol.go:141.2,142.55 2 1
github.com/osolmaz/brokerkit/brokers/sudo/internal/executorprotocol/protocol.go:142.55,144.3 1 0
github.com/osolmaz/brokerkit/brokers/sudo/internal/executorprotocol/protocol.go:145.2,145.61 1 1
github.com/osolmaz/brokerkit/brokers/sudo/internal/executorprotocol/protocol.go:145.61,147.3 1 1
github.com/osolmaz/brokerkit/brokers/sudo/internal/executorprotocol/protocol.go:148.2,150.44 3 1
github.com/osolmaz/brokerkit/brokers/sudo/internal/executorprotocol/protocol.go:150.44,152.3 1 1
github.com/osolmaz/brokerkit/brokers/sudo/internal/executorprotocol/protocol.go:153.2,153.65 1 1
github.com/osolmaz/brokerkit/brokers/sudo/internal/executorprotocol/protocol.go:153.65,155.3 1 0
github.com/osolmaz/brokerkit/brokers/sudo/internal/executorprotocol/protocol.go:156.2,156.12 1 1
github.com/osolmaz/brokerkit/brokers/sudo/internal/executorprotocol/protocol.go:159.45,160.32 1 1
github.com/osolmaz/brokerkit/brokers/sudo/internal/executorprotocol/protocol.go:160.32,162.3 1 1
github.com/osolmaz/brokerkit/brokers/sudo/internal/executorprotocol/protocol.go:163.2,163.22 1 1
github.com/osolmaz/brokerkit/brokers/sudo/internal/executorprotocol/protocol.go:164.16,165.172 1 1
github.com/osolmaz/brokerkit/brokers/sudo/internal/executorprotocol/protocol.go:165.172,167.4 1 1
github.com/osolmaz/brokerkit/brokers/sudo/internal/executorprotocol/protocol.go:168.19,169.190 1 1
github.com/osolmaz/brokerkit/brokers/sudo/internal/executorprotocol/protocol.go:169.190,171.4 1 1
github.com/osolmaz/brokerkit/brokers/sudo/internal/executorprotocol/protocol.go:172.10,173.60 1 1
github.com/osolmaz/brokerkit/brokers/sudo/internal/executorprotocol/protocol.go:175.2,175.12 1 1
github.com/osolmaz/brokerkit/brokers/sudo/internal/executorprotocol/protocol.go:178.48,179.33 1 1
github.com/osolmaz/brokerkit/brokers/sudo/internal/executorprotocol/protocol.go:179.33,181.3 1 0
github.com/osolmaz/brokerkit/brokers/sudo/internal/executorprotocol/protocol.go:182.2,182.25 1 1
github.com/osolmaz/brokerkit/brokers/sudo/internal/executorprotocol/protocol.go:183.19,184.88 1 1
github.com/osolmaz/brokerkit/brokers/sudo/internal/executorprotocol/protocol.go:184.88,186.4 1 1
github.com/osolmaz/brokerkit/brokers/sudo/internal/executorprotocol/protocol.go:187.23,188.130 1 1
github.com/osolmaz/brokerkit/brokers/sudo/internal/executorprotocol/protocol.go:188.130,190.4 1 1
github.com/osolmaz/brokerkit/brokers/sudo/internal/executorprotocol/protocol.go:191.39,192.77 1 1
github.com/osolmaz/brokerkit/brokers/sudo/internal/executorprotocol/protocol.go:192.77,194.4 1 0
github.com/osolmaz/brokerkit/brokers/sudo/internal/executorprotocol/protocol.go:195.3,195.63 1 1
github.com/osolmaz/brokerkit/brokers/sudo/internal/executorprotocol/protocol.go:195.63,197.4 1 1
github.com/osolmaz/brokerkit/brokers/sudo/internal/executorprotocol/protocol.go:198.10,199.63 1 1
github.com/osolmaz/brokerkit/brokers/sudo/internal/executorprotocol/protocol.go:201.2,201.12 1 1
github.com/osolmaz/brokerkit/brokers/sudo/internal/executorprotocol/protocol.go:204.41,205.112 1 1
github.com/osolmaz/brokerkit/brokers/sudo/internal/executorprotocol/protocol.go:205.112,207.3 1 1
github.com/osolmaz/brokerkit/brokers/sudo/internal/executorprotocol/protocol.go:208.2,208.43 1 1
github.com/osolmaz/brokerkit/brokers/sudo/internal/executorprotocol/protocol.go:208.43,209.35 1 1
github.com/osolmaz/brokerkit/brokers/sudo/internal/executorprotocol/protocol.go:209.35,211.4 1 1
github.com/osolmaz/brokerkit/brokers/sudo/internal/executorprotocol/protocol.go:213.2,213.13 1 1
github.com/osolmaz/brokerkit/brokers/sudo/internal/executorprotocol/protocol.go:216.35,218.2 1 1
github.com/osolmaz/brokerkit/brokers/sudo/internal/executorprotocol/protocol.go:220.34,221.39 1 1
github.com/osolmaz/brokerkit/brokers/sudo/internal/executorprotocol/protocol.go:221.39,223.3 1 0
github.com/osolmaz/brokerkit/brokers/sudo/internal/executorprotocol/protocol.go:224.2,224.34 1 1
github.com/osolmaz/brokerkit/brokers/sudo/internal/executorprotocol/protocol.go:224.34,225.103 1 1
github.com/osolmaz/brokerkit/brokers/sudo/internal/executorprotocol/protocol.go:225.103,227.4 1 1
github.com/osolmaz/brokerkit/brokers/sudo/internal/executorprotocol/protocol.go:229.2,229.13 1 1
github.com/osolmaz/brokerkit/brokers/sudo/internal/executorprotocol/protocol.go:232.40,234.2 1 1
github.com/osolmaz/brokerkit/brokers/sudo/internal/executorprotocol/protocol.go:236.61,238.2 1 1
github.com/osolmaz/brokerkit/brokers/sudo/internal/executorprotocol/protocol.go:240.65,242.2 1 1
github.com/osolmaz/brokerkit/brokers/sudo/cmd/sudo-broker-exec/main.go:30.13,30.47 1 0
github.com/osolmaz/brokerkit/brokers/sudo/cmd/sudo-broker-exec/main.go:32.34,34.13 2 1
github.com/osolmaz/brokerkit/brokers/sudo/cmd/sudo-broker-exec/main.go:34.13,35.17 1 0
github.com/osolmaz/brokerkit/brokers/sudo/cmd/sudo-broker-exec/main.go:35.17,38.4 2 0
github.com/osolmaz/brokerkit/brokers/sudo/cmd/sudo-broker-exec/main.go:39.3,39.11 1 0
github.com/osolmaz/brokerkit/brokers/sudo/cmd/sudo-broker-exec/main.go:41.2,41.72 1 1
github.com/osolmaz/brokerkit/brokers/sudo/cmd/sudo-broker-exec/main.go:41.72,44.3 2 1
github.com/osolmaz/brokerkit/brokers/sudo/cmd/sudo-broker-exec/main.go:45.2,46.16 2 1
github.com/osolmaz/brokerkit/brokers/sudo/cmd/sudo-broker-exec/main.go:46.16,49.3 2 1
github.com/osolmaz/brokerkit/brokers/sudo/cmd/sudo-broker-exec/main.go:50.2,52.39 3 0
github.com/osolmaz/brokerkit/brokers/sudo/cmd/sudo-broker-exec/main.go:52.39,55.3 2 0
github.com/osolmaz/brokerkit/brokers/sudo/cmd/sudo-broker-exec/main.go:56.2,56.10 1 0
github.com/osolmaz/brokerkit/brokers/sudo/cmd/sudo-broker-exec/main.go:59.51,66.42 7 1
github.com/osolmaz/brokerkit/brokers/sudo/cmd/sudo-broker-exec/main.go:66.42,68.3 1 0
github.com/osolmaz/brokerkit/brokers/sudo/cmd/sudo-broker-exec/main.go:69.2,69.123 1 1
github.com/osolmaz/brokerkit/brokers/sudo/cmd/sudo-broker-exec/main.go:69.123,71.3 1 1
github.com/osolmaz/brokerkit/brokers/sudo/cmd/sudo-broker-exec/main.go:72.2,72.18 1 1
github.com/osolmaz/brokerkit/brokers/sudo/cmd/sudo-broker-exec/main.go:75.51,76.23 1 1
github.com/osolmaz/brokerkit/brokers/sudo/cmd/sudo-broker-exec/main.go:76.23,78.3 1 1
github.com/osolmaz/brokerkit/brokers/sudo/cmd/sudo-broker-exec/main.go:79.2,79.69 1 0
github.com/osolmaz/brokerkit/brokers/sudo/cmd/sudo-broker-exec/main.go:79.69,81.3 1 0
github.com/osolmaz/brokerkit/brokers/sudo/cmd/sudo-broker-exec/main.go:82.2,82.86 1 0
github.com/osolmaz/brokerkit/brokers/sudo/cmd/sudo-broker-exec/main.go:82.86,84.3 1 0
github.com/osolmaz/brokerkit/brokers/sudo/cmd/sudo-broker-exec/main.go:85.2,86.37 2 0
github.com/osolmaz/brokerkit/brokers/sudo/cmd/sudo-broker-exec/main.go:86.37,88.3 1 0
github.com/osolmaz/brokerkit/brokers/sudo/cmd/sudo-broker-exec/main.go:89.2,89.85 1 0
github.com/osolmaz/brokerkit/brokers/sudo/cmd/sudo-broker-exec/main.go:89.85,91.3 1 0
github.com/osolmaz/brokerkit/brokers/sudo/cmd/sudo-broker-exec/main.go:92.2,92.86 1 0
github.com/osolmaz/brokerkit/brokers/sudo/cmd/sudo-broker-exec/main.go:92.86,94.3 1 0
github.com/osolmaz/brokerkit/brokers/sudo/cmd/sudo-broker-exec/main.go:95.2,96.16 2 0
github.com/osolmaz/brokerkit/brokers/sudo/cmd/sudo-broker-exec/main.go:96.16,98.3 1 0
github.com/osolmaz/brokerkit/brokers/sudo/cmd/sudo-broker-exec/main.go:99.2,100.16 2 0
github.com/osolmaz/brokerkit/brokers/sudo/cmd/sudo-broker-exec/main.go:100.16,102.3 1 0
github.com/osolmaz/brokerkit/brokers/sudo/cmd/sudo-broker-exec/main.go:103.2,104.16 2 0
github.com/osolmaz/brokerkit/brokers/sudo/cmd/sudo-broker-exec/main.go:104.16,106.3 1 0
github.com/osolmaz/brokerkit/brokers/sudo/cmd/sudo-broker-exec/main.go:107.2,111.16 2 0
github.com/osolmaz/brokerkit/brokers/sudo/cmd/sudo-broker-exec/main.go:111.16,113.3 1 0
github.com/osolmaz/brokerkit/brokers/sudo/cmd/sudo-broker-exec/main.go:114.2,115.16 2 0
github.com/osolmaz/brokerkit/brokers/sudo/cmd/sudo-broker-exec/main.go:115.16,117.3 1 0
github.com/osolmaz/brokerkit/brokers/sudo/cmd/sudo-broker-exec/main.go:118.2,118.15 1 0
github.com/osolmaz/brokerkit/brokers/sudo/cmd/sudo-broker-exec/main.go:118.15,118.71 2 0
github.com/osolmaz/brokerkit/brokers/sudo/cmd/sudo-broker-exec/main.go:119.2,119.36 1 0
github.com/osolmaz/brokerkit/brokers/sudo/cmd/sudo-broker-exec/main.go:122.81,126.16 4 1
github.com/osolmaz/brokerkit/brokers/sudo/cmd/sudo-broker-exec/main.go:126.16,128.3 1 0
github.com/osolmaz/brokerkit/brokers/sudo/cmd/sudo-broker-exec/main.go:129.2,129.59 1 1
github.com/osolmaz/brokerkit/brokers/sudo/cmd/sudo-broker-exec/main.go:129.59,133.3 3 0
github.com/osolmaz/brokerkit/brokers/sudo/cmd/sudo-broker-exec/main.go:134.2,134.46 1 1
github.com/osolmaz/brokerkit/brokers/sudo/cmd/sudo-broker-exec/main.go:134.46,138.3 3 0
github.com/osolmaz/brokerkit/brokers/sudo/cmd/sudo-broker-exec/main.go:139.2,139.22 1 1
github.com/osolmaz/brokerkit/brokers/sudo/internal/executorclient/client.go:26.36,26.62 1 1
github.com/osolmaz/brokerkit/brokers/sudo/internal/executorclient/client.go:28.36,28.54 1 1
github.com/osolmaz/brokerkit/brokers/sudo/internal/executorclient/client.go:30.36,33.2 2 1
github.com/osolmaz/brokerkit/brokers/sudo/internal/executorclient/client.go:35.51,37.16 2 1
github.com/osolmaz/brokerkit/brokers/sudo/internal/executorclient/client.go:37.16,39.3 1 1
github.com/osolmaz/brokerkit/brokers/sudo/internal/executorclient/client.go:40.2,40.53 1 1
github.com/osolmaz/brokerkit/brokers/sudo/internal/executorclient/client.go:40.53,42.3 1 1
github.com/osolmaz/brokerkit/brokers/sudo/internal/executorclient/client.go:43.2,43.12 1 1
github.com/osolmaz/brokerkit/brokers/sudo/internal/executorclient/client.go:46.178,48.16 2 1
github.com/osolmaz/brokerkit/brokers/sudo/internal/executorclient/client.go:48.16,50.3 1 0
github.com/osolmaz/brokerkit/brokers/sudo/internal/executorclient/client.go:51.2,55.33 2 1
github.com/osolmaz/brokerkit/brokers/sudo/internal/executorclient/client.go:58.117,59.36 1 1
github.com/osolmaz/brokerkit/brokers/sudo/internal/executorclient/client.go:59.36,61.3 1 1
github.com/osolmaz/brokerkit/brokers/sudo/internal/executorclient/client.go:62.2,63.18 2 1
github.com/osolmaz/brokerkit/brokers/sudo/internal/executorclient/client.go:63.18,65.3 1 1
github.com/osolmaz/brokerkit/brokers/sudo/internal/executorclient/client.go:66.2,67.17 2 1
github.com/osolmaz/brokerkit/brokers/sudo/internal/executorclient/client.go:67.17,70.3 2 1
github.com/osolmaz/brokerkit/brokers/sudo/internal/executorclient/client.go:71.2,74.16 4 1
github.com/osolmaz/brokerkit/brokers/sudo/internal/executorclient/client.go:74.16,76.3 1 1
github.com/osolmaz/brokerkit/brokers/sudo/internal/executorclient/client.go:77.2,77.15 1 1
github.com/osolmaz/brokerkit/brokers/sudo/internal/executorclient/client.go:77.15,77.41 1 1
github.com/osolmaz/brokerkit/brokers/sudo/internal/executorclient/client.go:78.2,78.48 1 1
github.com/osolmaz/brokerkit/brokers/sudo/internal/executorclient/client.go:78.48,80.3 1 1
github.com/osolmaz/brokerkit/brokers/sudo/internal/executorclient/client.go:81.2,81.75 1 1
github.com/osolmaz/brokerkit/brokers/sudo/internal/executorclient/client.go:81.75,83.3 1 0
github.com/osolmaz/brokerkit/brokers/sudo/internal/executorclient/client.go:84.2,85.16 2 1
github.com/osolmaz/brokerkit/brokers/sudo/internal/executorclient/client.go:85.16,87.3 1 0
github.com/osolmaz/brokerkit/brokers/sudo/internal/executorclient/client.go:88.2,88.97 1 1
github.com/osolmaz/brokerkit/brokers/sudo/internal/executorclient/client.go:88.97,90.3 1 1
github.com/osolmaz/brokerkit/brokers/sudo/internal/executorclient/client.go:91.2,91.22 1 1
github.com/osolmaz/brokerkit/brokers/sudo/internal/hostcheck/acl_linux.go:12.57,14.2 1 1
github.com/osolmaz/brokerkit/brokers/sudo/internal/hostcheck/acl_linux.go:16.108,18.15 2 1
github.com/osolmaz/brokerkit/brokers/sudo/internal/hostcheck/acl_linux.go:18.15,20.3 1 1
github.com/osolmaz/brokerkit/brokers/sudo/internal/hostcheck/acl_linux.go:21.2,21.29 1 1
github.com/osolmaz/brokerkit/brokers/sudo/internal/hostcheck/acl_linux.go:21.29,23.102 2 1
github.com/osolmaz/brokerkit/brokers/sudo/internal/hostcheck/acl_linux.go:23.102,24.12 1 1
github.com/osolmaz/brokerkit/brokers/sudo/internal/hostcheck/acl_linux.go:26.3,26.17 1 1
github.com/osolmaz/brokerkit/brokers/sudo/internal/hostcheck/acl_linux.go:26.17,28.4 1 1
github.com/osolmaz/brokerkit/brokers/sudo/internal/hostcheck/acl_linux.go:29.3,29.15 1 1
github.com/osolmaz/brokerkit/brokers/sudo/internal/hostcheck/acl_linux.go:29.15,31.4 1 1
github.com/osolmaz/brokerkit/brokers/sudo/internal/hostcheck/acl_linux.go:33.2,33.12 1 1
github.com/osolmaz/brokerkit/brokers/sudo/internal/hostcheck/hostcheck.go:14.65,15.97 1 1
github.com/osolmaz/brokerkit/brokers/sudo/internal/hostcheck/hostcheck.go:15.97,17.3 1 1
github.com/osolmaz/brokerkit/brokers/sudo/internal/hostcheck/hostcheck.go:18.2,18.104 1 1
github.com/osolmaz/brokerkit/brokers/sudo/internal/hostcheck/hostcheck.go:18.104,20.3 1 0
github.com/osolmaz/brokerkit/brokers/sudo/internal/hostcheck/hostcheck.go:21.2,21.12 1 1
github.com/osolmaz/brokerkit/brokers/sudo/internal/hostcheck/hostcheck.go:24.42,25.81 1 1
github.com/osolmaz/brokerkit/brokers/sudo/internal/hostcheck/hostcheck.go:25.81,27.3 1 1
github.com/osolmaz/brokerkit/brokers/sudo/internal/hostcheck/hostcheck.go:28.2,29.44 2 1
github.com/osolmaz/brokerkit/brokers/sudo/internal/hostcheck/hostcheck.go:29.44,31.3 1 1
github.com/osolmaz/brokerkit/brokers/sudo/internal/hostcheck/hostcheck.go:32.2,32.12 1 1
github.com/osolmaz/brokerkit/brokers/sudo/internal/hostcheck/hostcheck.go:35.47,37.2 1 1
github.com/osolmaz/brokerkit/brokers/sudo/internal/hostcheck/hostcheck.go:39.63,40.66 1 1
github.com/osolmaz/brokerkit/brokers/sudo/internal/hostcheck/hostcheck.go:40.66,42.3 1 1
github.com/osolmaz/brokerkit/brokers/sudo/internal/hostcheck/hostcheck.go:43.2,44.36 2 1
github.com/osolmaz/brokerkit/brokers/sudo/internal/hostcheck/hostcheck.go:44.36,46.3 1 1
github.com/osolmaz/brokerkit/brokers/sudo/internal/hostcheck/hostcheck.go:47.2,47.16 1 0
github.com/osolmaz/brokerkit/brokers/sudo/internal/hostcheck/hostcheck.go:47.16,49.3 1 0
github.com/osolmaz/brokerkit/brokers/sudo/internal/hostcheck/hostcheck.go:50.2,50.71 1 0
github.com/osolmaz/brokerkit/brokers/sudo/internal/hostcheck/hostcheck.go:50.71,52.3 1 0
github.com/osolmaz/brokerkit/brokers/sudo/internal/hostcheck/hostcheck.go:53.2,54.16 2 0
github.com/osolmaz/brokerkit/brokers/sudo/internal/hostcheck/hostcheck.go:54.16,56.3 1 0
github.com/osolmaz/brokerkit/brokers/sudo/internal/hostcheck/hostcheck.go:57.2,57.34 1 0
github.com/osolmaz/brokerkit/brokers/sudo/internal/hostcheck/hostcheck.go:57.34,59.3 1 0
github.com/osolmaz/brokerkit/brokers/sudo/internal/hostcheck/hostcheck.go:60.2,60.12 1 0
github.com/osolmaz/brokerkit/brokers/sudo/internal/hostcheck/hostcheck.go:63.98,64.59 1 1
github.com/osolmaz/brokerkit/brokers/sudo/internal/hostcheck/hostcheck.go:64.59,66.3 1 0
github.com/osolmaz/brokerkit/brokers/sudo/internal/hostcheck/hostcheck.go:67.2,69.21 3 1
github.com/osolmaz/brokerkit/brokers/sudo/internal/hostcheck/hostcheck.go:69.21,71.3 1 1
github.com/osolmaz/brokerkit/brokers/sudo/internal/hostcheck/hostcheck.go:72.2,72.43 1 1
github.com/osolmaz/brokerkit/brokers/sudo/internal/hostcheck/hostcheck.go:72.43,75.17 3 1
github.com/osolmaz/brokerkit/brokers/sudo/internal/hostcheck/hostcheck.go:75.17,77.4 1 0
github.com/osolmaz/brokerkit/brokers/sudo/internal/hostcheck/hostcheck.go:78.3,78.38 1 1
github.com/osolmaz/brokerkit/brokers/sudo/internal/hostcheck/hostcheck.go:78.38,80.4 1 0
github.com/osolmaz/brokerkit/brokers/sudo/internal/hostcheck/hostcheck.go:81.3,82.17 2 1
github.com/osolmaz/brokerkit/brokers/sudo/internal/hostcheck/hostcheck.go:82.17,84.4 1 0
github.com/osolmaz/brokerkit/brokers/sudo/internal/hostcheck/hostcheck.go:85.3,85.95 1 1
github.com/osolmaz/brokerkit/brokers/sudo/internal/hostcheck/hostcheck.go:85.95,87.4 1 0
github.com/osolmaz/brokerkit/brokers/sudo/internal/hostcheck/hostcheck.go:88.3,88.36 1 1
github.com/osolmaz/brokerkit/brokers/sudo/internal/hostcheck/hostcheck.go:88.36,90.4 1 1
github.com/osolmaz/brokerkit/brokers/sudo/internal/hostcheck/hostcheck.go:91.3,91.64 1 1
github.com/osolmaz/brokerkit/brokers/sudo/internal/hostcheck/hostcheck.go:91.64,93.4 1 0
github.com/osolmaz/brokerkit/brokers/sudo/internal/hostcheck/hostcheck.go:94.3,95.26 2 1
github.com/osolmaz/brokerkit/brokers/sudo/internal/hostcheck/hostcheck.go:95.26,96.21 1 1
github.com/osolmaz/brokerkit/brokers/sudo/internal/hostcheck/hostcheck.go:96.21,98.5 1 0
github.com/osolmaz/brokerkit/brokers/sudo/internal/hostcheck/hostcheck.go:99.9,99.38 1 1
github.com/osolmaz/brokerkit/brokers/sudo/internal/hostcheck/hostcheck.go:99.38,101.4 1 0
github.com/osolmaz/brokerkit/brokers/sudo/internal/hostcheck/hostcheck.go:103.2,103.12 1 1
github.com/osolmaz/brokerkit/brokers/sudo/internal/hostcheck/kernel_linux.go:7.44,11.16 2 1
github.com/osolmaz/brokerkit/brokers/sudo/internal/hostcheck/kernel_linux.go:11.16,13.3 1 0
github.com/osolmaz/brokerkit/brokers/sudo/internal/hostcheck/kernel_linux.go:14.2,15.18 2 1
github.com/osolmaz/brokerkit/brokers/sudo/internal/hostcheck/owner_unix.go:11.50,13.9 2 1
github.com/osolmaz/brokerkit/brokers/sudo/internal/hostcheck/owner_unix.go:13.9,15.3 1 0
github.com/osolmaz/brokerkit/brokers/sudo/internal/hostcheck/owner_unix.go:16.2,16.22 1 1
github.com/osolmaz/brokerkit/brokers/sudo/internal/catalog/catalog.go:103.43,105.16 2 1
github.com/osolmaz/brokerkit/brokers/sudo/internal/catalog/catalog.go:105.16,107.3 1 1
github.com/osolmaz/brokerkit/brokers/sudo/internal/catalog/catalog.go:108.2,108.20 1 1
github.com/osolmaz/brokerkit/brokers/sudo/internal/catalog/catalog.go:111.44,112.61 1 1
github.com/osolmaz/brokerkit/brokers/sudo/internal/catalog/catalog.go:112.61,114.3 1 1
github.com/osolmaz/brokerkit/brokers/sudo/internal/catalog/catalog.go:115.2,118.45 4 1
github.com/osolmaz/brokerkit/brokers/sudo/internal/catalog/catalog.go:118.45,120.3 1 1
github.com/osolmaz/brokerkit/brokers/sudo/internal/catalog/catalog.go:121.2,121.44 1 1
github.com/osolmaz/brokerkit/brokers/sudo/internal/catalog/catalog.go:121.44,123.3 1 0
github.com/osolmaz/brokerkit/brokers/sudo/internal/catalog/catalog.go:124.2,124.28 1 1
github.com/osolmaz/brokerkit/brokers/sudo/internal/catalog/catalog.go:124.28,126.3 1 0
github.com/osolmaz/brokerkit/brokers/sudo/internal/catalog/catalog.go:127.2,127.88 1 1
github.com/osolmaz/brokerkit/brokers/sudo/internal/catalog/catalog.go:127.88,129.3 1 1
github.com/osolmaz/brokerkit/brokers/sudo/internal/catalog/catalog.go:130.2,132.42 3 1
github.com/osolmaz/brokerkit/brokers/sudo/internal/catalog/catalog.go:132.42,134.17 2 1
github.com/osolmaz/brokerkit/brokers/sudo/internal/catalog/catalog.go:134.17,136.4 1 1
github.com/osolmaz/brokerkit/brokers/sudo/internal/catalog/catalog.go:137.3,137.23 1 1
github.com/osolmaz/brokerkit/brokers/sudo/internal/catalog/catalog.go:137.23,139.4 1 1
github.com/osolmaz/brokerkit/brokers/sudo/internal/catalog/catalog.go:140.3,141.39 2 1
github.com/osolmaz/brokerkit/brokers/sudo/internal/catalog/catalog.go:143.2,143.58 1 1
github.com/osolmaz/brokerkit/brokers/sudo/internal/catalog/catalog.go:143.58,143.103 1 0
github.com/osolmaz/brokerkit/brokers/sudo/internal/catalog/catalog.go:144.2,148.16 2 1
github.com/osolmaz/brokerkit/brokers/sudo/internal/catalog/catalog.go:148.16,150.3 1 0
github.com/osolmaz/brokerkit/brokers/sudo/internal/catalog/catalog.go:151.2,153.35 3 1
github.com/osolmaz/brokerkit/brokers/sudo/internal/catalog/catalog.go:153.35,155.3 1 1
github.com/osolmaz/brokerkit/brokers/sudo/internal/catalog/catalog.go:156.2,156.22 1 1
github.com/osolmaz/brokerkit/brokers/sudo/internal/catalog/catalog.go:159.36,160.14 1 1
github.com/osolmaz/brokerkit/brokers/sudo/internal/catalog/catalog.go:160.14,162.3 1 1
github.com/osolmaz/brokerkit/brokers/sudo/internal/catalog/catalog.go:163.2,163.17 1 1
github.com/osolmaz/brokerkit/brokers/sudo/internal/catalog/catalog.go:166.55,167.14 1 1
github.com/osolmaz/brokerkit/brokers/sudo/internal/catalog/catalog.go:167.14,169.3 1 1
github.com/osolmaz/brokerkit/brokers/sudo/internal/catalog/catalog.go:170.2,171.34 2 1
github.com/osolmaz/brokerkit/brokers/sudo/internal/catalog/catalog.go:174.41,175.14 1 1
github.com/osolmaz/brokerkit/brokers/sudo/internal/catalog/catalog.go:175.14,177.3 1 1
github.com/osolmaz/brokerkit/brokers/sudo/internal/catalog/catalog.go:178.2,179.37 2 1
github.com/osolmaz/brokerkit/brokers/sudo/internal/catalog/catalog.go:179.37,180.46 1 1
github.com/osolmaz/brokerkit/brokers/sudo/internal/catalog/catalog.go:180.46,181.27 1 1
github.com/osolmaz/brokerkit/brokers/sudo/internal/catalog/catalog.go:181.27,183.5 1 1
github.com/osolmaz/brokerkit/brokers/sudo/internal/catalog/catalog.go:186.2,187.26 2 1
github.com/osolmaz/brokerkit/brokers/sudo/internal/catalog/catalog.go:187.26,189.3 1 1
github.com/osolmaz/brokerkit/brokers/sudo/internal/catalog/catalog.go:190.2,191.15 2 1
github.com/osolmaz/brokerkit/brokers/sudo/internal/catalog/catalog.go:194.118,196.9 2 1
github.com/osolmaz/brokerkit/brokers/sudo/internal/catalog/catalog.go:196.9,198.3 1 0
github.com/osolmaz/brokerkit/brokers/sudo/internal/catalog/catalog.go:199.2,199.55 1 1
github.com/osolmaz/brokerkit/brokers/sudo/internal/catalog/catalog.go:199.55,201.3 1 1
github.com/osolmaz/brokerkit/brokers/sudo/internal/catalog/catalog.go:202.2,205.41 4 1
github.com/osolmaz/brokerkit/brokers/sudo/internal/catalog/catalog.go:205.41,206.26 1 1
github.com/osolmaz/brokerkit/brokers/sudo/internal/catalog/catalog.go:206.26,208.12 2 1
github.com/osolmaz/brokerkit/brokers/sudo/internal/catalog/catalog.go:210.3,211.10 2 1
github.com/osolmaz/brokerkit/brokers/sudo/internal/catalog/catalog.go:211.10,213.4 1 0
github.com/osolmaz/brokerkit/brokers/sudo/internal/catalog/catalog.go:214.3,215.17 2 1
github.com/osolmaz/brokerkit/brokers/sudo/internal/catalog/catalog.go:215.17,217.4 1 1
github.com/osolmaz/brokerkit/brokers/sudo/internal/catalog/catalog.go:218.3,220.29 3 1
github.com/osolmaz/brokerkit/brokers/sudo/internal/catalog/catalog.go:222.2,222.26 1 1
github.com/osolmaz/brokerkit/brokers/sudo/internal/catalog/catalog.go:222.26,223.17 1 1
github.com/osolmaz/brokerkit/brokers/sudo/internal/catalog/catalog.go:223.17,225.4 1 1
github.com/osolmaz/brokerkit/brokers/sudo/internal/catalog/catalog.go:227.2,231.8 1 1
github.com/osolmaz/brokerkit/brokers/sudo/internal/catalog/catalog.go:234.62,235.52 1 1
github.com/osolmaz/brokerkit/brokers/sudo/internal/catalog/catalog.go:235.52,237.3 1 0
github.com/osolmaz/brokerkit/brokers/sudo/internal/catalog/catalog.go:238.2,239.9 2 1
github.com/osolmaz/brokerkit/brokers/sudo/internal/catalog/catalog.go:239.9,241.3 1 0
github.com/osolmaz/brokerkit/brokers/sudo/internal/catalog/catalog.go:242.2,243.45 2 1
github.com/osolmaz/brokerkit/brokers/sudo/internal/catalog/catalog.go:243.45,244.26 1 1
github.com/osolmaz/brokerkit/brokers/sudo/internal/catalog/catalog.go:244.26,245.12 1 1
github.com/osolmaz/brokerkit/brokers/sudo/internal/catalog/catalog.go:247.3,248.10 2 1
github.com/osolmaz/brokerkit/brokers/sudo/internal/catalog/catalog.go:248.10,250.4 1 0
github.com/osolmaz/brokerkit/brokers/sudo/internal/catalog/catalog.go:251.3,251.33 1 1
github.com/osolmaz/brokerkit/brokers/sudo/internal/catalog/catalog.go:251.33,253.4 1 1
github.com/osolmaz/brokerkit/brokers/sudo/internal/catalog/catalog.go:253.9,256.4 2 1
github.com/osolmaz/brokerkit/brokers/sudo/internal/catalog/catalog.go:258.2,259.16 2 1
github.com/osolmaz/brokerkit/brokers/sudo/internal/catalog/catalog.go:259.16,261.3 1 0
github.com/osolmaz/brokerkit/brokers/sudo/internal/catalog/catalog.go:262.2,265.54 1 1
github.com/osolmaz/brokerkit/brokers/sudo/internal/catalog/catalog.go:265.54,267.3 1 1
github.com/osolmaz/brokerkit/brokers/sudo/internal/catalog/catalog.go:268.2,268.12 1 1
github.com/osolmaz/brokerkit/brokers/sudo/internal/catalog/catalog.go:271.56,272.36 1 1
github.com/osolmaz/brokerkit/brokers/sudo/internal/catalog/catalog.go:272.36,274.3 1 1
github.com/osolmaz/brokerkit/brokers/sudo/internal/catalog/catalog.go:275.2,276.16 2 1
github.com/osolmaz/brokerkit/brokers/sudo/internal/catalog/catalog.go:276.16,278.3 1 1
github.com/osolmaz/brokerkit/brokers/sudo/internal/catalog/catalog.go:279.2,279.64 1 1
github.com/osolmaz/brokerkit/brokers/sudo/internal/catalog/catalog.go:279.64,281.3 1 0
github.com/osolmaz/brokerkit/brokers/sudo/internal/catalog/catalog.go:282.2,283.53 2 1
github.com/osolmaz/brokerkit/brokers/sudo/internal/catalog/catalog.go:283.53,285.3 1 1
github.com/osolmaz/brokerkit/brokers/sudo/internal/catalog/catalog.go:286.2,286.100 1 1
github.com/osolmaz/brokerkit/brokers/sudo/internal/catalog/catalog.go:286.100,288.3 1 0
github.com/osolmaz/brokerkit/brokers/sudo/internal/catalog/catalog.go:289.2,290.16 2 1
github.com/osolmaz/brokerkit/brokers/sudo/internal/catalog/catalog.go:290.16,292.3 1 1
github.com/osolmaz/brokerkit/brokers/sudo/internal/catalog/catalog.go:293.2,294.16 2 1
github.com/osolmaz/brokerkit/brokers/sudo/internal/catalog/catalog.go:294.16,296.3 1 1
github.com/osolmaz/brokerkit/brokers/sudo/internal/catalog/catalog.go:297.2,297.70 1 1
github.com/osolmaz/brokerkit/brokers/sudo/internal/catalog/catalog.go:297.70,299.3 1 1
github.com/osolmaz/brokerkit/brokers/sudo/internal/catalog/catalog.go:300.2,300.98 1 1
github.com/osolmaz/brokerkit/brokers/sudo/internal/catalog/catalog.go:300.98,302.3 1 1
github.com/osolmaz/brokerkit/brokers/sudo/internal/catalog/catalog.go:303.2,303.61 1 1
github.com/osolmaz/brokerkit/brokers/sudo/internal/catalog/catalog.go:303.61,305.3 1 1
github.com/osolmaz/brokerkit/brokers/sudo/internal/catalog/catalog.go:306.2,306.81 1 1
github.com/osolmaz/brokerkit/brokers/sudo/internal/catalog/catalog.go:306.81,308.3 1 1
github.com/osolmaz/brokerkit/brokers/sudo/internal/catalog/catalog.go:309.2,310.16 2 1
github.com/osolmaz/brokerkit/brokers/sudo/internal/catalog/catalog.go:310.16,312.3 1 1
github.com/osolmaz/brokerkit/brokers/sudo/internal/catalog/catalog.go:313.2,313.57 1 1
github.com/osolmaz/brokerkit/brokers/sudo/internal/catalog/catalog.go:313.57,315.3 1 1
github.com/osolmaz/brokerkit/brokers/sudo/internal/catalog/catalog.go:316.2,318.89 1 1
github.com/osolmaz/brokerkit/brokers/sudo/internal/catalog/catalog.go:321.52,323.41 2 1
github.com/osolmaz/brokerkit/brokers/sudo/internal/catalog/catalog.go:323.41,324.30 1 1
github.com/osolmaz/brokerkit/brokers/sudo/internal/catalog/catalog.go:324.30,325.208 1 1
github.com/osolmaz/brokerkit/brokers/sudo/internal/catalog/catalog.go:325.208,327.5 1 1
github.com/osolmaz/brokerkit/brokers/sudo/internal/catalog/catalog.go:328.4,328.70 1 1
github.com/osolmaz/brokerkit/brokers/sudo/internal/catalog/catalog.go:328.70,330.5 1 1
github.com/osolmaz/brokerkit/brokers/sudo/internal/catalog/catalog.go:331.4,331.12 1 1
github.com/osolmaz/brokerkit/brokers/sudo/internal/catalog/catalog.go:333.3,333.70 1 1
github.com/osolmaz/brokerkit/brokers/sudo/internal/catalog/catalog.go:333.70,335.4 1 0
github.com/osolmaz/brokerkit/brokers/sudo/internal/catalog/catalog.go:336.3,337.48 2 1
github.com/osolmaz/brokerkit/brokers/sudo/internal/catalog/catalog.go:337.48,339.4 1 1
github.com/osolmaz/brokerkit/brokers/sudo/internal/catalog/catalog.go:341.2,341.12 1 1
github.com/osolmaz/brokerkit/brokers/sudo/internal/catalog/catalog.go:344.44,345.23 1 1
github.com/osolmaz/brokerkit/brokers/sudo/internal/catalog/catalog.go:346.17,347.202 1 1
github.com/osolmaz/brokerkit/brokers/sudo/internal/catalog/catalog.go:347.202,349.4 1 1
github.com/osolmaz/brokerkit/brokers/sudo/internal/catalog/catalog.go:350.14,351.192 1 1
github.com/osolmaz/brokerkit/brokers/sudo/internal/catalog/catalog.go:351.192,353.4 1 0
github.com/osolmaz/brokerkit/brokers/sudo/internal/catalog/catalog.go:354.3,355.41 2 1
github.com/osolmaz/brokerkit/brokers/sudo/internal/catalog/catalog.go:355.41,356.64 1 1
github.com/osolmaz/brokerkit/brokers/sudo/internal/catalog/catalog.go:356.64,358.5 1 1
github.com/osolmaz/brokerkit/brokers/sudo/internal/catalog/catalog.go:359.4,359.22 1 1
github.com/osolmaz/brokerkit/brokers/sudo/internal/catalog/catalog.go:361.22,362.213 1 1
github.com/osolmaz/brokerkit/brokers/sudo/internal/catalog/catalog.go:362.213,364.4 1 0
github.com/osolmaz/brokerkit/brokers/sudo/internal/catalog/catalog.go:365.3,365.39 1 1
github.com/osolmaz/brokerkit/brokers/sudo/internal/catalog/catalog.go:365.39,366.53 1 1
github.com/osolmaz/brokerkit/brokers/sudo/internal/catalog/catalog.go:366.53,368.5 1 1
github.com/osolmaz/brokerkit/brokers/sudo/internal/catalog/catalog.go:370.10,371.72 1 1
github.com/osolmaz/brokerkit/brokers/sudo/internal/catalog/catalog.go:373.2,373.12 1 1
github.com/osolmaz/brokerkit/brokers/sudo/internal/catalog/catalog.go:376.74,377.60 1 1
github.com/osolmaz/brokerkit/brokers/sudo/internal/catalog/catalog.go:377.60,379.3 1 0
github.com/osolmaz/brokerkit/brokers/sudo/internal/catalog/catalog.go:380.2,380.19 1 1
github.com/osolmaz/brokerkit/brokers/sudo/internal/catalog/catalog.go:381.17,383.67 2 1
github.com/osolmaz/brokerkit/brokers/sudo/internal/catalog/catalog.go:383.67,385.4 1 1
github.com/osolmaz/brokerkit/brokers/sudo/internal/catalog/catalog.go:386.3,386.43 1 1
github.com/osolmaz/brokerkit/brokers/sudo/internal/catalog/catalog.go:387.14,389.93 2 1
github.com/osolmaz/brokerkit/brokers/sudo/internal/catalog/catalog.go:389.93,391.4 1 1
github.com/osolmaz/brokerkit/brokers/sudo/internal/catalog/catalog.go:392.3,392.20 1 1
github.com/osolmaz/brokerkit/brokers/sudo/internal/catalog/catalog.go:393.22,395.53 2 1
github.com/osolmaz/brokerkit/brokers/sudo/internal/catalog/catalog.go:395.53,397.4 1 0
github.com/osolmaz/brokerkit/brokers/sudo/internal/catalog/catalog.go:398.3,398.34 1 1
github.com/osolmaz/brokerkit/brokers/sudo/internal/catalog/catalog.go:399.10,400.53 1 0
github.com/osolmaz/brokerkit/brokers/sudo/internal/catalog/catalog.go:404.63,405.62 1 1
github.com/osolmaz/brokerkit/brokers/sudo/internal/catalog/catalog.go:405.62,407.3 1 0
github.com/osolmaz/brokerkit/brokers/sudo/internal/catalog/catalog.go:408.2,409.16 2 1
github.com/osolmaz/brokerkit/brokers/sudo/internal/catalog/catalog.go:409.16,410.21 1 1
github.com/osolmaz/brokerkit/brokers/sudo/internal/catalog/catalog.go:410.21,412.4 1 0
github.com/osolmaz/brokerkit/brokers/sudo/internal/catalog/catalog.go:413.3,414.17 2 1
github.com/osolmaz/brokerkit/brokers/sudo/internal/catalog/catalog.go:414.17,416.4 1 0
github.com/osolmaz/brokerkit/brokers/sudo/internal/catalog/catalog.go:418.2,419.34 2 1
github.com/osolmaz/brokerkit/brokers/sudo/internal/catalog/catalog.go:419.34,421.60 2 1
github.com/osolmaz/brokerkit/brokers/sudo/internal/catalog/catalog.go:421.60,423.9 2 1
github.com/osolmaz/brokerkit/brokers/sudo/internal/catalog/catalog.go:426.2,426.13 1 1
github.com/osolmaz/brokerkit/brokers/sudo/internal/catalog/catalog.go:426.13,428.3 1 0
github.com/osolmaz/brokerkit/brokers/sudo/internal/catalog/catalog.go:429.2,429.56 1 1
github.com/osolmaz/brokerkit/brokers/sudo/internal/catalog/catalog.go:429.56,430.61 1 1
github.com/osolmaz/brokerkit/brokers/sudo/internal/catalog/catalog.go:430.61,432.4 1 0
github.com/osolmaz/brokerkit/brokers/sudo/internal/catalog/catalog.go:433.3,433.52 1 1
github.com/osolmaz/brokerkit/brokers/sudo/internal/catalog/catalog.go:433.52,435.4 1 0
github.com/osolmaz/brokerkit/brokers/sudo/internal/catalog/catalog.go:436.8,436.27 1 1
github.com/osolmaz/brokerkit/brokers/sudo/internal/catalog/catalog.go:436.27,438.3 1 0
github.com/osolmaz/brokerkit/brokers/sudo/internal/catalog/catalog.go:439.2,439.22 1 1
github.com/osolmaz/brokerkit/brokers/sudo/internal/catalog/catalog.go:442.55,445.6 3 1
github.com/osolmaz/brokerkit/brokers/sudo/internal/catalog/catalog.go:445.6,446.46 1 1
github.com/osolmaz/brokerkit/brokers/sudo/internal/catalog/catalog.go:446.46,448.18 2 1
github.com/osolmaz/brokerkit/brokers/sudo/internal/catalog/catalog.go:448.18,450.5 1 0
github.com/osolmaz/brokerkit/brokers/sudo/internal/catalog/catalog.go:451.4,451.52 1 1
github.com/osolmaz/brokerkit/brokers/sudo/internal/catalog/catalog.go:451.52,453.5 1 1
github.com/osolmaz/brokerkit/brokers/sudo/internal/catalog/catalog.go:454.4,454.24 1 1
github.com/osolmaz/brokerkit/brokers/sudo/internal/catalog/catalog.go:456.3,457.24 2 1
github.com/osolmaz/brokerkit/brokers/sudo/internal/catalog/catalog.go:457.24,459.4 1 0
github.com/osolmaz/brokerkit/brokers/sudo/internal/catalog/catalog.go:460.3,461.19 2 1
github.com/osolmaz/brokerkit/brokers/sudo/internal/catalog/catalog.go:465.43,468.2 2 1
github.com/osolmaz/brokerkit/brokers/sudo/internal/catalog/catalog.go:470.55,471.62 1 1
github.com/osolmaz/brokerkit/brokers/sudo/internal/catalog/catalog.go:471.62,473.3 1 1
github.com/osolmaz/brokerkit/brokers/sudo/internal/catalog/catalog.go:474.2,474.43 1 1
github.com/osolmaz/brokerkit/brokers/sudo/internal/catalog/catalog.go:474.43,476.3 1 1
github.com/osolmaz/brokerkit/brokers/sudo/internal/catalog/catalog.go:477.2,478.16 2 1
github.com/osolmaz/brokerkit/brokers/sudo/internal/catalog/catalog.go:478.16,480.3 1 0
github.com/osolmaz/brokerkit/brokers/sudo/internal/catalog/catalog.go:481.2,481.98 1 1
github.com/osolmaz/brokerkit/brokers/sudo/internal/catalog/catalog.go:481.98,483.3 1 0
github.com/osolmaz/brokerkit/brokers/sudo/internal/catalog/catalog.go:484.2,484.19 1 1
github.com/osolmaz/brokerkit/brokers/sudo/internal/catalog/catalog.go:487.40,488.14 1 1
github.com/osolmaz/brokerkit/brokers/sudo/internal/catalog/catalog.go:489.120,490.14 1 1
github.com/osolmaz/brokerkit/brokers/sudo/internal/catalog/catalog.go:491.10,492.15 1 1
github.com/osolmaz/brokerkit/brokers/sudo/internal/catalog/catalog.go:496.54,497.62 1 1
github.com/osolmaz/brokerkit/brokers/sudo/internal/catalog/catalog.go:497.62,499.3 1 1
github.com/osolmaz/brokerkit/brokers/sudo/internal/catalog/catalog.go:500.2,501.68 2 1
github.com/osolmaz/brokerkit/brokers/sudo/internal/catalog/catalog.go:501.68,503.3 1 0
github.com/osolmaz/brokerkit/brokers/sudo/internal/catalog/catalog.go:504.2,504.19 1 1
github.com/osolmaz/brokerkit/brokers/sudo/internal/catalog/catalog.go:507.56,510.30 3 1
github.com/osolmaz/brokerkit/brokers/sudo/internal/catalog/catalog.go:510.30,511.53 1 1
github.com/osolmaz/brokerkit/brokers/sudo/internal/catalog/catalog.go:511.53,513.4 1 1
github.com/osolmaz/brokerkit/brokers/sudo/internal/catalog/catalog.go:514.3,514.21 1 1
github.com/osolmaz/brokerkit/brokers/sudo/internal/catalog/catalog.go:516.2,517.19 2 1
github.com/osolmaz/brokerkit/brokers/sudo/internal/catalog/catalog.go:520.63,521.38 1 1
github.com/osolmaz/brokerkit/brokers/sudo/internal/catalog/catalog.go:521.38,522.65 1 1
github.com/osolmaz/brokerkit/brokers/sudo/internal/catalog/catalog.go:522.65,524.4 1 1
github.com/osolmaz/brokerkit/brokers/sudo/internal/catalog/catalog.go:525.3,525.67 1 1
github.com/osolmaz/brokerkit/brokers/sudo/internal/catalog/catalog.go:525.67,527.4 1 0
github.com/osolmaz/brokerkit/brokers/sudo/internal/catalog/catalog.go:529.2,529.12 1 1
github.com/osolmaz/brokerkit/brokers/sudo/internal/catalog/catalog.go:532.47,535.2 1 1
github.com/osolmaz/brokerkit/brokers/sudo/internal/catalog/catalog.go:537.54,538.100 1 1
github.com/osolmaz/brokerkit/brokers/sudo/internal/catalog/catalog.go:538.100,540.3 1 1
github.com/osolmaz/brokerkit/brokers/sudo/internal/catalog/catalog.go:541.2,541.12 1 1
github.com/osolmaz/brokerkit/brokers/sudo/internal/catalog/catalog.go:544.73,545.78 1 1
github.com/osolmaz/brokerkit/brokers/sudo/internal/catalog/catalog.go:545.78,547.3 1 1
github.com/osolmaz/brokerkit/brokers/sudo/internal/catalog/catalog.go:548.2,548.12 1 1
github.com/osolmaz/brokerkit/brokers/sudo/internal/catalog/catalog.go:551.46,553.63 2 1
github.com/osolmaz/brokerkit/brokers/sudo/internal/catalog/catalog.go:553.63,555.3 1 0
github.com/osolmaz/brokerkit/brokers/sudo/internal/catalog/catalog.go:556.2,556.12 1 1
github.com/osolmaz/brokerkit/brokers/sudo/internal/catalog/catalog.go:559.44,561.39 2 1
github.com/osolmaz/brokerkit/brokers/sudo/internal/catalog/catalog.go:561.39,565.30 4 1
github.com/osolmaz/brokerkit/brokers/sudo/internal/catalog/catalog.go:565.30,568.4 2 1
github.com/osolmaz/brokerkit/brokers/sudo/internal/catalog/catalog.go:569.3,569.30 1 1
github.com/osolmaz/brokerkit/brokers/sudo/internal/catalog/catalog.go:569.30,572.4 2 1
github.com/osolmaz/brokerkit/brokers/sudo/internal/catalog/catalog.go:573.3,573.30 1 1
github.com/osolmaz/brokerkit/brokers/sudo/internal/catalog/catalog.go:573.30,576.4 2 1
github.com/osolmaz/brokerkit/brokers/sudo/internal/catalog/catalog.go:578.2,580.16 3 1
github.com/osolmaz/brokerkit/brokers/sudo/internal/catalog/catalog.go:583.59,584.19 1 1
github.com/osolmaz/brokerkit/brokers/sudo/internal/catalog/catalog.go:584.19,586.3 1 1
github.com/osolmaz/brokerkit/brokers/sudo/internal/catalog/catalog.go:587.2,588.33 2 1
github.com/osolmaz/brokerkit/brokers/sudo/internal/catalog/catalog.go:588.33,590.3 1 1
github.com/osolmaz/brokerkit/brokers/sudo/internal/catalog/catalog.go:591.2,591.12 1 1
github.com/osolmaz/brokerkit/brokers/sudo/internal/presenter/presenter.go:19.103,22.9 3 1
github.com/osolmaz/brokerkit/brokers/sudo/internal/presenter/presenter.go:22.9,24.3 1 1
github.com/osolmaz/brokerkit/brokers/sudo/internal/presenter/presenter.go:25.2,26.18 2 1
github.com/osolmaz/brokerkit/brokers/sudo/internal/presenter/presenter.go:26.18,28.3 1 0
github.com/osolmaz/brokerkit/brokers/sudo/internal/presenter/presenter.go:29.2,35.45 2 1
github.com/osolmaz/brokerkit/brokers/sudo/internal/presenter/presenter.go:35.45,36.26 1 1
github.com/osolmaz/brokerkit/brokers/sudo/internal/presenter/presenter.go:36.26,37.12 1 0
github.com/osolmaz/brokerkit/brokers/sudo/internal/presenter/presenter.go:39.3,39.104 1 1
github.com/osolmaz/brokerkit/brokers/sudo/internal/presenter/presenter.go:39.104,41.4 1 1
github.com/osolmaz/brokerkit/brokers/sudo/internal/presenter/presenter.go:43.2,44.21 2 1
github.com/osolmaz/brokerkit/brokers/sudo/internal/presenter/presenter.go:44.21,46.3 1 1
github.com/osolmaz/brokerkit/brokers/sudo/internal/presenter/presenter.go:47.2,48.31 2 1
github.com/osolmaz/brokerkit/brokers/sudo/internal/presenter/presenter.go:48.31,50.3 1 1
github.com/osolmaz/brokerkit/brokers/sudo/internal/presenter/presenter.go:51.2,54.8 1 1
github.com/osolmaz/brokerkit/brokers/sudo/internal/presenter/presenter.go:57.44,58.32 1 1
github.com/osolmaz/brokerkit/brokers/sudo/internal/presenter/presenter.go:59.13,60.31 1 0
github.com/osolmaz/brokerkit/brokers/sudo/internal/presenter/presenter.go:61.16,62.34 1 0
github.com/osolmaz/brokerkit/brokers/sudo/internal/presenter/presenter.go:63.14,64.32 1 1
github.com/osolmaz/brokerkit/brokers/sudo/internal/presenter/presenter.go:65.10,66.35 1 0
github.com/osolmaz/brokerkit/brokers/sudo/internal/presenter/presenter.go:70.30,70.87 1 0
github.com/osolmaz/brokerkit/brokers/sudo/internal/sudopolicy/policy.go:19.63,21.44 2 1
github.com/osolmaz/brokerkit/brokers/sudo/internal/sudopolicy/policy.go:21.44,23.3 1 1
github.com/osolmaz/brokerkit/brokers/sudo/internal/sudopolicy/policy.go:24.2,25.26 2 1
github.com/osolmaz/brokerkit/brokers/sudo/internal/sudopolicy/policy.go:25.26,27.3 1 1
github.com/osolmaz/brokerkit/brokers/sudo/internal/sudopolicy/policy.go:28.2,37.3 2 1
github.com/osolmaz/brokerkit/brokers/sudo/internal/sudopolicy/policy.go:40.75,42.47 2 1
github.com/osolmaz/brokerkit/brokers/sudo/internal/sudopolicy/policy.go:42.47,44.3 1 1
github.com/osolmaz/brokerkit/brokers/sudo/internal/sudopolicy/policy.go:45.2,49.3 1 1
github.com/osolmaz/brokerkit/brokers/sudo/internal/privexec/child_linux.go:15.41,16.43 1 0
github.com/osolmaz/brokerkit/brokers/sudo/internal/privexec/child_linux.go:16.43,18.3 1 0
github.com/osolmaz/brokerkit/brokers/sudo/internal/privexec/child_linux.go:19.2,20.16 2 0
github.com/osolmaz/brokerkit/brokers/sudo/internal/privexec/child_linux.go:20.16,22.3 1 0
github.com/osolmaz/brokerkit/brokers/sudo/internal/privexec/child_linux.go:23.2,23.15 1 0
github.com/osolmaz/brokerkit/brokers/sudo/internal/privexec/child_linux.go:23.15,23.51 1 0
github.com/osolmaz/brokerkit/brokers/sudo/internal/privexec/child_linux.go:24.2,25.16 2 0
github.com/osolmaz/brokerkit/brokers/sudo/internal/privexec/child_linux.go:25.16,27.3 1 0
github.com/osolmaz/brokerkit/brokers/sudo/internal/privexec/child_linux.go:28.2,28.15 1 0
github.com/osolmaz/brokerkit/brokers/sudo/internal/privexec/child_linux.go:28.15,28.45 1 0
github.com/osolmaz/brokerkit/brokers/sudo/internal/privexec/child_linux.go:29.2,29.65 1 0
github.com/osolmaz/brokerkit/brokers/sudo/internal/privexec/child_linux.go:29.65,31.3 1 0
github.com/osolmaz/brokerkit/brokers/sudo/internal/privexec/child_linux.go:32.2,32.54 1 0
github.com/osolmaz/brokerkit/brokers/sudo/internal/privexec/child_linux.go:32.54,34.3 1 0
github.com/osolmaz/brokerkit/brokers/sudo/internal/privexec/child_linux.go:35.2,35.44 1 0
github.com/osolmaz/brokerkit/brokers/sudo/internal/privexec/child_linux.go:35.44,37.3 1 0
github.com/osolmaz/brokerkit/brokers/sudo/internal/privexec/child_linux.go:38.2,39.80 2 0
github.com/osolmaz/brokerkit/brokers/sudo/internal/privexec/child_linux.go:42.59,46.2 1 1
github.com/osolmaz/brokerkit/brokers/sudo/internal/privexec/child_linux.go:48.49,50.46 2 1
github.com/osolmaz/brokerkit/brokers/sudo/internal/privexec/child_linux.go:50.46,52.3 1 1
github.com/osolmaz/brokerkit/brokers/sudo/internal/privexec/child_linux.go:53.2,53.108 1 1
github.com/osolmaz/brokerkit/brokers/sudo/internal/privexec/child_linux.go:53.108,55.3 1 0
github.com/osolmaz/brokerkit/brokers/sudo/internal/privexec/child_linux.go:56.2,56.12 1 1
github.com/osolmaz/brokerkit/brokers/sudo/internal/privexec/child_linux.go:59.42,61.52 2 0
github.com/osolmaz/brokerkit/brokers/sudo/internal/privexec/child_linux.go:61.52,63.3 1 0
github.com/osolmaz/brokerkit/brokers/sudo/internal/privexec/child_linux.go:64.2,64.50 1 0
github.com/osolmaz/brokerkit/brokers/sudo/internal/privexec/child_linux.go:64.50,66.3 1 0
github.com/osolmaz/brokerkit/brokers/sudo/internal/privexec/child_linux.go:67.2,67.61 1 0
github.com/osolmaz/brokerkit/brokers/sudo/internal/privexec/child_linux.go:67.61,69.3 1 0
github.com/osolmaz/brokerkit/brokers/sudo/internal/privexec/child_linux.go:70.2,70.61 1 0
github.com/osolmaz/brokerkit/brokers/sudo/internal/privexec/child_linux.go:70.61,72.3 1 0
github.com/osolmaz/brokerkit/brokers/sudo/internal/privexec/child_linux.go:73.2,73.12 1 0
github.com/osolmaz/brokerkit/brokers/sudo/internal/privexec/child_linux.go:76.66,78.16 2 0
github.com/osolmaz/brokerkit/brokers/sudo/internal/privexec/child_linux.go:78.16,80.3 1 0
github.com/osolmaz/brokerkit/brokers/sudo/internal/privexec/child_linux.go:81.2,82.16 2 0
github.com/osolmaz/brokerkit/brokers/sudo/internal/privexec/child_linux.go:82.16,84.3 1 0
github.com/osolmaz/brokerkit/brokers/sudo/internal/privexec/child_linux.go:85.2,86.16 2 0
github.com/osolmaz/brokerkit/brokers/sudo/internal/privexec/child_linux.go:86.16,88.3 1 0
github.com/osolmaz/brokerkit/brokers/sudo/internal/privexec/child_linux.go:89.2,90.34 2 0
github.com/osolmaz/brokerkit/brokers/sudo/internal/privexec/child_linux.go:90.34,92.3 1 0
github.com/osolmaz/brokerkit/brokers/sudo/internal/privexec/child_linux.go:93.2,97.16 4 0
github.com/osolmaz/brokerkit/brokers/sudo/internal/privexec/child_linux.go:97.16,99.3 1 0
github.com/osolmaz/brokerkit/brokers/sudo/internal/privexec/child_linux.go:100.2,100.12 1 0
github.com/osolmaz/brokerkit/brokers/sudo/internal/privexec/limits_unix.go:12.41,23.31 2 0
github.com/osolmaz/brokerkit/brokers/sudo/internal/privexec/limits_unix.go:23.31,24.106 1 0
github.com/osolmaz/brokerkit/brokers/sudo/internal/privexec/limits_unix.go:24.106,26.4 1 0
github.com/osolmaz/brokerkit/brokers/sudo/internal/privexec/limits_unix.go:28.2,28.12 1 0
github.com/osolmaz/brokerkit/brokers/sudo/internal/privexec/process_unix.go:7.38,7.84 1 0
github.com/osolmaz/brokerkit/brokers/sudo/internal/privexec/runner.go:31.68,32.61 1 1
github.com/osolmaz/brokerkit/brokers/sudo/internal/privexec/runner.go:32.61,34.3 1 0
github.com/osolmaz/brokerkit/brokers/sudo/internal/privexec/runner.go:35.2,35.63 1 1
github.com/osolmaz/brokerkit/brokers/sudo/internal/privexec/runner.go:38.94,39.34 1 1
github.com/osolmaz/brokerkit/brokers/sudo/internal/privexec/runner.go:39.34,41.3 1 1
github.com/osolmaz/brokerkit/brokers/sudo/internal/privexec/runner.go:42.2,42.72 1 1
github.com/osolmaz/brokerkit/brokers/sudo/internal/privexec/runner.go:42.72,44.3 1 0
github.com/osolmaz/brokerkit/brokers/sudo/internal/privexec/runner.go:45.2,46.16 2 1
github.com/osolmaz/brokerkit/brokers/sudo/internal/privexec/runner.go:46.16,48.3 1 0
github.com/osolmaz/brokerkit/brokers/sudo/internal/privexec/runner.go:49.2,50.16 2 1
github.com/osolmaz/brokerkit/brokers/sudo/internal/privexec/runner.go:50.16,52.3 1 0
github.com/osolmaz/brokerkit/brokers/sudo/internal/privexec/runner.go:53.2,53.15 1 1
github.com/osolmaz/brokerkit/brokers/sudo/internal/privexec/runner.go:53.15,53.62 2 1
github.com/osolmaz/brokerkit/brokers/sudo/internal/privexec/runner.go:54.2,61.16 8 1
github.com/osolmaz/brokerkit/brokers/sudo/internal/privexec/runner.go:61.16,63.3 1 0
github.com/osolmaz/brokerkit/brokers/sudo/internal/privexec/runner.go:64.2,64.15 1 1
github.com/osolmaz/brokerkit/brokers/sudo/internal/privexec/runner.go:64.15,64.38 1 1
github.com/osolmaz/brokerkit/brokers/sudo/internal/privexec/runner.go:65.2,72.40 8 1
github.com/osolmaz/brokerkit/brokers/sudo/internal/privexec/runner.go:72.40,74.3 1 0
github.com/osolmaz/brokerkit/brokers/sudo/internal/privexec/runner.go:75.2,76.24 2 1
github.com/osolmaz/brokerkit/brokers/sudo/internal/privexec/runner.go:76.24,76.69 1 0
github.com/osolmaz/brokerkit/brokers/sudo/internal/privexec/runner.go:77.2,78.12 2 1
github.com/osolmaz/brokerkit/brokers/sudo/internal/privexec/runner.go:78.12,82.3 3 1
github.com/osolmaz/brokerkit/brokers/sudo/internal/privexec/runner.go:83.2,84.12 2 1
github.com/osolmaz/brokerkit/brokers/sudo/internal/privexec/runner.go:84.12,84.42 1 1
github.com/osolmaz/brokerkit/brokers/sudo/internal/privexec/runner.go:85.2,87.9 3 1
github.com/osolmaz/brokerkit/brokers/sudo/internal/privexec/runner.go:88.28,88.28 0 1
github.com/osolmaz/brokerkit/brokers/sudo/internal/privexec/runner.go:89.20,92.23 3 0
github.com/osolmaz/brokerkit/brokers/sudo/internal/privexec/runner.go:94.2,99.73 3 1
github.com/osolmaz/brokerkit/brokers/sudo/internal/privexec/runner.go:99.73,100.82 1 0
github.com/osolmaz/brokerkit/brokers/sudo/internal/privexec/runner.go:100.82,102.4 1 0
github.com/osolmaz/brokerkit/brokers/sudo/internal/privexec/runner.go:103.3,103.22 1 0
github.com/osolmaz/brokerkit/brokers/sudo/internal/privexec/runner.go:105.2,105.20 1 1
github.com/osolmaz/brokerkit/brokers/sudo/internal/privexec/runner.go:105.20,107.3 1 0
github.com/osolmaz/brokerkit/brokers/sudo/internal/privexec/runner.go:108.2,108.21 1 1
github.com/osolmaz/brokerkit/brokers/sudo/internal/privexec/runner.go:111.52,113.37 2 1
github.com/osolmaz/brokerkit/brokers/sudo/internal/privexec/runner.go:113.37,114.33 1 1
github.com/osolmaz/brokerkit/brokers/sudo/internal/privexec/runner.go:114.33,116.9 2 1
github.com/osolmaz/brokerkit/brokers/sudo/internal/privexec/runner.go:119.2,119.15 1 1
github.com/osolmaz/brokerkit/brokers/sudo/internal/privexec/runner.go:119.15,121.3 1 1
github.com/osolmaz/brokerkit/brokers/sudo/internal/privexec/runner.go:122.2,122.26 1 1
github.com/osolmaz/brokerkit/brokers/sudo/internal/privexec/runner.go:122.26,124.3 1 0
github.com/osolmaz/brokerkit/brokers/sudo/internal/privexec/runner.go:125.2,125.23 1 1
github.com/osolmaz/brokerkit/brokers/sudo/internal/privexec/runner.go:125.23,127.3 1 1
github.com/osolmaz/brokerkit/brokers/sudo/internal/privexec/runner.go:128.2,129.37 2 0
github.com/osolmaz/brokerkit/brokers/sudo/internal/privexec/runner.go:129.37,131.3 1 0
github.com/osolmaz/brokerkit/brokers/sudo/internal/privexec/runner.go:132.2,133.17 2 0
github.com/osolmaz/brokerkit/brokers/sudo/internal/privexec/runner.go:133.17,135.3 1 0
github.com/osolmaz/brokerkit/brokers/sudo/internal/privexec/runner.go:136.2,136.15 1 0
github.com/osolmaz/brokerkit/brokers/sudo/internal/privexec/runner.go:136.15,136.35 1 0
github.com/osolmaz/brokerkit/brokers/sudo/internal/privexec/runner.go:137.2,138.67 2 0
github.com/osolmaz/brokerkit/brokers/sudo/internal/privexec/runner.go:138.67,140.3 1 0
github.com/osolmaz/brokerkit/brokers/sudo/internal/privexec/runner.go:141.2,142.16 2 0
github.com/osolmaz/brokerkit/brokers/sudo/internal/privexec/runner.go:142.16,144.3 1 0
github.com/osolmaz/brokerkit/brokers/sudo/internal/privexec/runner.go:145.2,145.71 1 0
github.com/osolmaz/brokerkit/brokers/sudo/internal/privexec/runner.go:145.71,147.3 1 0
github.com/osolmaz/brokerkit/brokers/sudo/internal/privexec/runner.go:148.2,148.33 1 0
github.com/osolmaz/brokerkit/brokers/sudo/internal/privexec/runner.go:159.50,159.97 1 1
github.com/osolmaz/brokerkit/brokers/sudo/internal/privexec/runner.go:161.68,162.52 1 1
github.com/osolmaz/brokerkit/brokers/sudo/internal/privexec/runner.go:162.52,166.15 4 1
github.com/osolmaz/brokerkit/brokers/sudo/internal/privexec/runner.go:166.15,169.4 2 1
github.com/osolmaz/brokerkit/brokers/sudo/internal/privexec/runner.go:170.3,171.24 2 1
github.com/osolmaz/brokerkit/brokers/sudo/internal/privexec/runner.go:171.24,173.34 2 1
github.com/osolmaz/brokerkit/brokers/sudo/internal/privexec/runner.go:173.34,176.5 2 1
github.com/osolmaz/brokerkit/brokers/sudo/internal/privexec/runner.go:178.3,179.18 2 1
github.com/osolmaz/brokerkit/brokers/sudo/internal/privexec/runner.go:179.18,181.4 1 1
github.com/osolmaz/brokerkit/brokers/sudo/internal/privexec/runner.go:182.3,182.22 1 1
github.com/osolmaz/brokerkit/brokers/sudo/internal/privexec/runner.go:186.45,190.16 4 1
github.com/osolmaz/brokerkit/brokers/sudo/internal/privexec/runner.go:190.16,192.3 1 0
github.com/osolmaz/brokerkit/brokers/sudo/internal/privexec/runner.go:193.2,194.16 2 1
github.com/osolmaz/brokerkit/brokers/sudo/internal/privexec/runner.go:194.16,196.3 1 0
github.com/osolmaz/brokerkit/brokers/sudo/internal/privexec/runner.go:199.47,203.2 3 1
github.com/osolmaz/brokerkit/brokers/sudo/internal/privexec/runner.go:207.54,207.73 1 1
github.com/osolmaz/brokerkit/brokers/sudo/cmd/sudo-broker/client.go:33.77,35.16 2 1
github.com/osolmaz/brokerkit/brokers/sudo/cmd/sudo-broker/client.go:35.16,37.3 1 1
github.com/osolmaz/brokerkit/brokers/sudo/cmd/sudo-broker/client.go:38.2,47.42 10 1
github.com/osolmaz/brokerkit/brokers/sudo/cmd/sudo-broker/client.go:47.42,49.3 1 0
github.com/osolmaz/brokerkit/brokers/sudo/cmd/sudo-broker/client.go:50.2,50.58 1 1
github.com/osolmaz/brokerkit/brokers/sudo/cmd/sudo-broker/client.go:50.58,52.3 1 1
github.com/osolmaz/brokerkit/brokers/sudo/cmd/sudo-broker/client.go:53.2,53.21 1 1
github.com/osolmaz/brokerkit/brokers/sudo/cmd/sudo-broker/client.go:53.21,55.17 2 1
github.com/osolmaz/brokerkit/brokers/sudo/cmd/sudo-broker/client.go:55.17,57.4 1 0
github.com/osolmaz/brokerkit/brokers/sudo/cmd/sudo-broker/client.go:59.2,62.16 3 1
github.com/osolmaz/brokerkit/brokers/sudo/cmd/sudo-broker/client.go:62.16,64.3 1 0
github.com/osolmaz/brokerkit/brokers/sudo/cmd/sudo-broker/client.go:65.2,65.42 1 1
github.com/osolmaz/brokerkit/brokers/sudo/cmd/sudo-broker/client.go:68.95,70.16 2 1
github.com/osolmaz/brokerkit/brokers/sudo/cmd/sudo-broker/client.go:70.16,72.3 1 0
github.com/osolmaz/brokerkit/brokers/sudo/cmd/sudo-broker/client.go:73.2,78.42 6 1
github.com/osolmaz/brokerkit/brokers/sudo/cmd/sudo-broker/client.go:78.42,80.3 1 0
github.com/osolmaz/brokerkit/brokers/sudo/cmd/sudo-broker/client.go:81.2,81.50 1 1
github.com/osolmaz/brokerkit/brokers/sudo/cmd/sudo-broker/client.go:81.50,83.3 1 0
github.com/osolmaz/brokerkit/brokers/sudo/cmd/sudo-broker/client.go:84.2,84.23 1 1
github.com/osolmaz/brokerkit/brokers/sudo/cmd/sudo-broker/client.go:84.23,86.17 2 1
github.com/osolmaz/brokerkit/brokers/sudo/cmd/sudo-broker/client.go:86.17,88.4 1 0
github.com/osolmaz/brokerkit/brokers/sudo/cmd/sudo-broker/client.go:90.2,93.16 3 1
github.com/osolmaz/brokerkit/brokers/sudo/cmd/sudo-broker/client.go:93.16,95.3 1 1
github.com/osolmaz/brokerkit/brokers/sudo/cmd/sudo-broker/client.go:96.2,103.58 2 1
github.com/osolmaz/brokerkit/brokers/sudo/cmd/sudo-broker/client.go:103.58,105.3 1 1
github.com/osolmaz/brokerkit/brokers/sudo/cmd/sudo-broker/client.go:106.2,107.16 2 1
github.com/osolmaz/brokerkit/brokers/sudo/cmd/sudo-broker/client.go:107.16,109.3 1 0
github.com/osolmaz/brokerkit/brokers/sudo/cmd/sudo-broker/client.go:110.2,111.16 2 1
github.com/osolmaz/brokerkit/brokers/sudo/cmd/sudo-broker/client.go:111.16,113.3 1 0
github.com/osolmaz/brokerkit/brokers/sudo/cmd/sudo-broker/client.go:114.2,116.36 3 1
github.com/osolmaz/brokerkit/brokers/sudo/cmd/sudo-broker/client.go:116.36,118.3 1 1
github.com/osolmaz/brokerkit/brokers/sudo/cmd/sudo-broker/client.go:119.2,119.12 1 1
github.com/osolmaz/brokerkit/brokers/sudo/cmd/sudo-broker/client.go:122.76,123.56 1 1
github.com/osolmaz/brokerkit/brokers/sudo/cmd/sudo-broker/client.go:123.56,125.3 1 1
github.com/osolmaz/brokerkit/brokers/sudo/cmd/sudo-broker/client.go:126.2,127.16 2 1
github.com/osolmaz/brokerkit/brokers/sudo/cmd/sudo-broker/client.go:127.16,129.3 1 0
github.com/osolmaz/brokerkit/brokers/sudo/cmd/sudo-broker/client.go:130.2,130.42 1 1
github.com/osolmaz/brokerkit/brokers/sudo/cmd/sudo-broker/client.go:133.65,136.2 2 1
github.com/osolmaz/brokerkit/brokers/sudo/cmd/sudo-broker/client.go:138.75,139.91 1 1
github.com/osolmaz/brokerkit/brokers/sudo/cmd/sudo-broker/client.go:139.91,141.3 1 1
github.com/osolmaz/brokerkit/brokers/sudo/cmd/sudo-broker/client.go:142.2,142.31 1 1
github.com/osolmaz/brokerkit/brokers/sudo/cmd/sudo-broker/client.go:147.40,147.53 1 1
github.com/osolmaz/brokerkit/brokers/sudo/cmd/sudo-broker/client.go:149.48,151.103 2 1
github.com/osolmaz/brokerkit/brokers/sudo/cmd/sudo-broker/client.go:151.103,153.3 1 1
github.com/osolmaz/brokerkit/brokers/sudo/cmd/sudo-broker/client.go:154.2,154.15 1 1
github.com/osolmaz/brokerkit/brokers/sudo/cmd/sudo-broker/client.go:154.15,156.3 1 1
github.com/osolmaz/brokerkit/brokers/sudo/cmd/sudo-broker/client.go:157.2,157.43 1 1
github.com/osolmaz/brokerkit/brokers/sudo/cmd/sudo-broker/client.go:157.43,159.3 1 1
github.com/osolmaz/brokerkit/brokers/sudo/cmd/sudo-broker/client.go:160.2,161.12 2 1
github.com/osolmaz/brokerkit/brokers/sudo/cmd/sudo-broker/client.go:164.95,166.16 2 1
github.com/osolmaz/brokerkit/brokers/sudo/cmd/sudo-broker/client.go:166.16,168.3 1 1
github.com/osolmaz/brokerkit/brokers/sudo/cmd/sudo-broker/client.go:169.2,170.16 2 1
github.com/osolmaz/brokerkit/brokers/sudo/cmd/sudo-broker/client.go:170.16,172.3 1 0
github.com/osolmaz/brokerkit/brokers/sudo/cmd/sudo-broker/client.go:173.2,175.20 3 1
github.com/osolmaz/brokerkit/brokers/sudo/cmd/sudo-broker/client.go:175.20,177.17 2 1
github.com/osolmaz/brokerkit/brokers/sudo/cmd/sudo-broker/client.go:177.17,179.4 1 0
github.com/osolmaz/brokerkit/brokers/sudo/cmd/sudo-broker/client.go:180.3,180.31 1 1
github.com/osolmaz/brokerkit/brokers/sudo/cmd/sudo-broker/client.go:182.2,183.16 2 1
github.com/osolmaz/brokerkit/brokers/sudo/cmd/sudo-broker/client.go:183.16,185.3 1 0
github.com/osolmaz/brokerkit/brokers/sudo/cmd/sudo-broker/client.go:186.2,187.20 2 1
github.com/osolmaz/brokerkit/brokers/sudo/cmd/sudo-broker/client.go:187.20,189.3 1 1
github.com/osolmaz/brokerkit/brokers/sudo/cmd/sudo-broker/client.go:190.2,191.16 2 1
github.com/osolmaz/brokerkit/brokers/sudo/cmd/sudo-broker/client.go:191.16,193.3 1 0
github.com/osolmaz/brokerkit/brokers/sudo/cmd/sudo-broker/client.go:194.2,194.15 1 1
github.com/osolmaz/brokerkit/brokers/sudo/cmd/sudo-broker/client.go:194.15,194.44 1 1
github.com/osolmaz/brokerkit/brokers/sudo/cmd/sudo-broker/client.go:195.2,196.54 2 1
github.com/osolmaz/brokerkit/brokers/sudo/cmd/sudo-broker/client.go:196.54,198.3 1 1
github.com/osolmaz/brokerkit/brokers/sudo/cmd/sudo-broker/client.go:199.2,199.94 1 1
github.com/osolmaz/brokerkit/brokers/sudo/cmd/sudo-broker/client.go:199.94,203.84 2 1
github.com/osolmaz/brokerkit/brokers/sudo/cmd/sudo-broker/client.go:203.84,205.4 1 0
github.com/osolmaz/brokerkit/brokers/sudo/cmd/sudo-broker/client.go:206.3,206.92 1 1
github.com/osolmaz/brokerkit/brokers/sudo/cmd/sudo-broker/client.go:208.2,208.18 1 1
github.com/osolmaz/brokerkit/brokers/sudo/cmd/sudo-broker/client.go:211.47,214.35 3 1
github.com/osolmaz/brokerkit/brokers/sudo/cmd/sudo-broker/client.go:214.35,216.3 1 1
github.com/osolmaz/brokerkit/brokers/sudo/cmd/sudo-broker/client.go:217.2,218.136 2 1
github.com/osolmaz/brokerkit/brokers/sudo/cmd/sudo-broker/client.go:218.136,220.3 1 0
github.com/osolmaz/brokerkit/brokers/sudo/cmd/sudo-broker/client.go:221.2,221.61 1 1
github.com/osolmaz/brokerkit/brokers/sudo/cmd/sudo-broker/client.go:221.61,223.3 1 1
github.com/osolmaz/brokerkit/brokers/sudo/cmd/sudo-broker/client.go:224.2,224.133 1 1
github.com/osolmaz/brokerkit/brokers/sudo/cmd/sudo-broker/client.go:227.52,229.43 2 1
github.com/osolmaz/brokerkit/brokers/sudo/cmd/sudo-broker/client.go:229.43,231.3 1 0
github.com/osolmaz/brokerkit/brokers/sudo/cmd/sudo-broker/client.go:232.2,232.65 1 1
github.com/osolmaz/brokerkit/brokers/sudo/cmd/sudo-broker/client.go:235.59,237.53 2 1
github.com/osolmaz/brokerkit/brokers/sudo/cmd/sudo-broker/client.go:237.53,239.3 1 1
github.com/osolmaz/brokerkit/brokers/sudo/cmd/sudo-broker/client.go:240.2,242.30 3 1
github.com/osolmaz/brokerkit/brokers/sudo/cmd/sudo-broker/doctor.go:27.94,29.2 1 1
github.com/osolmaz/brokerkit/brokers/sudo/cmd/sudo-broker/doctor.go:32.79,33.41 1 1
github.com/osolmaz/brokerkit/brokers/sudo/cmd/sudo-broker/doctor.go:33.41,35.3 1 1
github.com/osolmaz/brokerkit/brokers/sudo/cmd/sudo-broker/doctor.go:36.2,37.24 2 1
github.com/osolmaz/brokerkit/brokers/sudo/cmd/sudo-broker/doctor.go:37.24,39.3 1 0
github.com/osolmaz/brokerkit/brokers/sudo/cmd/sudo-broker/doctor.go:40.2,40.22 1 1
github.com/osolmaz/brokerkit/brokers/sudo/cmd/sudo-broker/doctor.go:40.22,42.3 1 1
github.com/osolmaz/brokerkit/brokers/sudo/cmd/sudo-broker/doctor.go:43.2,44.16 2 1
github.com/osolmaz/brokerkit/brokers/sudo/cmd/sudo-broker/doctor.go:44.16,46.3 1 1
github.com/osolmaz/brokerkit/brokers/sudo/cmd/sudo-broker/doctor.go:47.2,47.21 1 1
github.com/osolmaz/brokerkit/brokers/sudo/cmd/sudo-broker/doctor.go:47.21,49.3 1 1
github.com/osolmaz/brokerkit/brokers/sudo/cmd/sudo-broker/doctor.go:49.8,51.3 1 1
github.com/osolmaz/brokerkit/brokers/sudo/cmd/sudo-broker/doctor.go:52.2,52.16 1 1
github.com/osolmaz/brokerkit/brokers/sudo/cmd/sudo-broker/doctor.go:52.16,54.3 1 0
github.com/osolmaz/brokerkit/brokers/sudo/cmd/sudo-broker/doctor.go:55.2,55.55 1 1
github.com/osolmaz/brokerkit/brokers/sudo/cmd/sudo-broker/doctor.go:55.55,57.3 1 1
github.com/osolmaz/brokerkit/brokers/sudo/cmd/sudo-broker/doctor.go:58.2,58.12 1 1
github.com/osolmaz/brokerkit/brokers/sudo/cmd/sudo-broker/doctor.go:61.87,74.42 12 1
github.com/osolmaz/brokerkit/brokers/sudo/cmd/sudo-broker/doctor.go:74.42,75.35 1 1
github.com/osolmaz/brokerkit/brokers/sudo/cmd/sudo-broker/doctor.go:75.35,78.4 2 1
github.com/osolmaz/brokerkit/brokers/sudo/cmd/sudo-broker/doctor.go:79.3,79.68 1 0
github.com/osolmaz/brokerkit/brokers/sudo/cmd/sudo-broker/doctor.go:81.2,81.132 1 1
github.com/osolmaz/brokerkit/brokers/sudo/cmd/sudo-broker/doctor.go:81.132,83.3 1 1
github.com/osolmaz/brokerkit/brokers/sudo/cmd/sudo-broker/doctor.go:84.2,84.88 1 1
github.com/osolmaz/brokerkit/brokers/sudo/cmd/sudo-broker/doctor.go:84.88,85.63 1 1
github.com/osolmaz/brokerkit/brokers/sudo/cmd/sudo-broker/doctor.go:85.63,87.4 1 1
github.com/osolmaz/brokerkit/brokers/sudo/cmd/sudo-broker/doctor.go:89.2,89.25 1 1
github.com/osolmaz/brokerkit/brokers/sudo/cmd/sudo-broker/doctor.go:92.87,97.86 1 0
github.com/osolmaz/brokerkit/brokers/sudo/cmd/sudo-broker/doctor.go:97.86,99.4 1 0
github.com/osolmaz/brokerkit/brokers/sudo/cmd/sudo-broker/doctor.go:112.116,114.16 2 1
github.com/osolmaz/brokerkit/brokers/sudo/cmd/sudo-broker/doctor.go:114.16,116.3 1 1
github.com/osolmaz/brokerkit/brokers/sudo/cmd/sudo-broker/doctor.go:117.2,118.16 2 1
github.com/osolmaz/brokerkit/brokers/sudo/cmd/sudo-broker/doctor.go:118.16,120.3 1 0
github.com/osolmaz/brokerkit/brokers/sudo/cmd/sudo-broker/doctor.go:121.2,128.22 4 1
github.com/osolmaz/brokerkit/brokers/sudo/cmd/sudo-broker/doctor.go:128.22,130.3 1 0
github.com/osolmaz/brokerkit/brokers/sudo/cmd/sudo-broker/doctor.go:130.8,130.20 1 1
github.com/osolmaz/brokerkit/brokers/sudo/cmd/sudo-broker/doctor.go:130.20,132.3 1 1
github.com/osolmaz/brokerkit/brokers/sudo/cmd/sudo-broker/doctor.go:132.8,134.3 1 1
github.com/osolmaz/brokerkit/brokers/sudo/cmd/sudo-broker/doctor.go:135.2,139.48 5 1
github.com/osolmaz/brokerkit/brokers/sudo/cmd/sudo-broker/doctor.go:142.75,143.16 1 1
github.com/osolmaz/brokerkit/brokers/sudo/cmd/sudo-broker/doctor.go:143.16,145.3 1 1
github.com/osolmaz/brokerkit/brokers/sudo/cmd/sudo-broker/doctor.go:146.2,146.77 1 1
github.com/osolmaz/brokerkit/brokers/sudo/cmd/sudo-broker/main.go:15.13,15.69 1 0
github.com/osolmaz/brokerkit/brokers/sudo/cmd/sudo-broker/main.go:17.70,20.55 3 1
github.com/osolmaz/brokerkit/brokers/sudo/cmd/sudo-broker/main.go:20.55,22.31 2 1
github.com/osolmaz/brokerkit/brokers/sudo/cmd/sudo-broker/main.go:22.31,23.29 1 1
github.com/osolmaz/brokerkit/brokers/sudo/cmd/sudo-broker/main.go:23.29,25.5 1 0
github.com/osolmaz/brokerkit/brokers/sudo/cmd/sudo-broker/main.go:26.4,26.23 1 1
github.com/osolmaz/brokerkit/brokers/sudo/cmd/sudo-broker/main.go:28.3,29.11 2 1
github.com/osolmaz/brokerkit/brokers/sudo/cmd/sudo-broker/main.go:31.2,31.10 1 0
github.com/osolmaz/brokerkit/brokers/sudo/cmd/sudo-broker/main.go:34.88,35.20 1 1
github.com/osolmaz/brokerkit/brokers/sudo/cmd/sudo-broker/main.go:35.20,37.3 1 1
github.com/osolmaz/brokerkit/brokers/sudo/cmd/sudo-broker/main.go:38.2,38.17 1 1
github.com/osolmaz/brokerkit/brokers/sudo/cmd/sudo-broker/main.go:39.16,40.50 1 1
github.com/osolmaz/brokerkit/brokers/sudo/cmd/sudo-broker/main.go:41.15,42.49 1 1
github.com/osolmaz/brokerkit/brokers/sudo/cmd/sudo-broker/main.go:43.17,44.43 1 0
github.com/osolmaz/brokerkit/brokers/sudo/cmd/sudo-broker/main.go:45.13,46.51 1 1
github.com/osolmaz/brokerkit/brokers/sudo/cmd/sudo-broker/main.go:47.16,48.42 1 1
github.com/osolmaz/brokerkit/brokers/sudo/cmd/sudo-broker/main.go:49.15,50.49 1 1
github.com/osolmaz/brokerkit/brokers/sudo/cmd/sudo-broker/main.go:51.30,53.13 2 1
github.com/osolmaz/brokerkit/brokers/sudo/cmd/sudo-broker/main.go:54.10,55.51 1 1
github.com/osolmaz/brokerkit/brokers/sudo/cmd/sudo-broker/main.go:64.35,64.55 1 1
github.com/osolmaz/brokerkit/brokers/sudo/cmd/sudo-broker/serve.go:45.93,47.2 1 1
github.com/osolmaz/brokerkit/brokers/sudo/cmd/sudo-broker/serve.go:50.120,51.52 1 1
github.com/osolmaz/brokerkit/brokers/sudo/cmd/sudo-broker/serve.go:51.52,53.3 1 1
github.com/osolmaz/brokerkit/brokers/sudo/cmd/sudo-broker/serve.go:54.2,54.20 1 1
github.com/osolmaz/brokerkit/brokers/sudo/cmd/sudo-broker/serve.go:54.20,56.3 1 1
github.com/osolmaz/brokerkit/brokers/sudo/cmd/sudo-broker/serve.go:57.2,58.16 2 1
github.com/osolmaz/brokerkit/brokers/sudo/cmd/sudo-broker/serve.go:58.16,60.3 1 1
github.com/osolmaz/brokerkit/brokers/sudo/cmd/sudo-broker/serve.go:61.2,62.16 2 1
github.com/osolmaz/brokerkit/brokers/sudo/cmd/sudo-broker/serve.go:62.16,64.3 1 1
github.com/osolmaz/brokerkit/brokers/sudo/cmd/sudo-broker/serve.go:65.2,65.55 1 1
github.com/osolmaz/brokerkit/brokers/sudo/cmd/sudo-broker/serve.go:65.55,67.3 1 0
github.com/osolmaz/brokerkit/brokers/sudo/cmd/sudo-broker/serve.go:68.2,70.37 3 1
github.com/osolmaz/brokerkit/brokers/sudo/cmd/sudo-broker/serve.go:70.37,72.3 1 1
github.com/osolmaz/brokerkit/brokers/sudo/cmd/sudo-broker/serve.go:73.2,73.32 1 1
github.com/osolmaz/brokerkit/brokers/sudo/cmd/sudo-broker/serve.go:73.32,75.3 1 1
github.com/osolmaz/brokerkit/brokers/sudo/cmd/sudo-broker/serve.go:76.2,76.28 1 1
github.com/osolmaz/brokerkit/brokers/sudo/cmd/sudo-broker/serve.go:79.61,93.42 14 1
github.com/osolmaz/brokerkit/brokers/sudo/cmd/sudo-broker/serve.go:93.42,95.3 1 0
github.com/osolmaz/brokerkit/brokers/sudo/cmd/sudo-broker/serve.go:96.2,96.181 1 1
github.com/osolmaz/brokerkit/brokers/sudo/cmd/sudo-broker/serve.go:96.181,98.3 1 1
github.com/osolmaz/brokerkit/brokers/sudo/cmd/sudo-broker/serve.go:99.2,99.66 1 1
github.com/osolmaz/brokerkit/brokers/sudo/cmd/sudo-broker/serve.go:99.66,101.3 1 0
github.com/osolmaz/brokerkit/brokers/sudo/cmd/sudo-broker/serve.go:102.2,102.32 1 1
github.com/osolmaz/brokerkit/brokers/sudo/cmd/sudo-broker/serve.go:102.32,103.71 1 1
github.com/osolmaz/brokerkit/brokers/sudo/cmd/sudo-broker/serve.go:103.71,105.4 1 0
github.com/osolmaz/brokerkit/brokers/sudo/cmd/sudo-broker/serve.go:106.3,106.47 1 1
github.com/osolmaz/brokerkit/brokers/sudo/cmd/sudo-broker/serve.go:106.47,108.4 1 1
github.com/osolmaz/brokerkit/brokers/sudo/cmd/sudo-broker/serve.go:110.2,110.40 1 1
github.com/osolmaz/brokerkit/brokers/sudo/cmd/sudo-broker/serve.go:110.40,112.3 1 1
github.com/osolmaz/brokerkit/brokers/sudo/cmd/sudo-broker/serve.go:113.2,113.62 1 1
github.com/osolmaz/brokerkit/brokers/sudo/cmd/sudo-broker/serve.go:113.62,115.3 1 1
github.com/osolmaz/brokerkit/brokers/sudo/cmd/sudo-broker/serve.go:116.2,116.60 1 1
github.com/osolmaz/brokerkit/brokers/sudo/cmd/sudo-broker/serve.go:116.60,118.3 1 1
github.com/osolmaz/brokerkit/brokers/sudo/cmd/sudo-broker/serve.go:119.2,119.18 1 1
github.com/osolmaz/brokerkit/brokers/sudo/cmd/sudo-broker/serve.go:122.79,124.2 1 1
github.com/osolmaz/brokerkit/brokers/sudo/cmd/sudo-broker/serve.go:126.129,127.29 1 1
github.com/osolmaz/brokerkit/brokers/sudo/cmd/sudo-broker/serve.go:127.29,129.3 1 1
github.com/osolmaz/brokerkit/brokers/sudo/cmd/sudo-broker/serve.go:130.2,130.127 1 1
github.com/osolmaz/brokerkit/brokers/sudo/cmd/sudo-broker/serve.go:130.127,131.17 1 1
github.com/osolmaz/brokerkit/brokers/sudo/cmd/sudo-broker/serve.go:131.17,132.49 1 1
github.com/osolmaz/brokerkit/brokers/sudo/cmd/sudo-broker/serve.go:132.49,134.5 1 1
github.com/osolmaz/brokerkit/brokers/sudo/cmd/sudo-broker/serve.go:137.2,138.16 2 1
github.com/osolmaz/brokerkit/brokers/sudo/cmd/sudo-broker/serve.go:138.16,140.3 1 0
github.com/osolmaz/brokerkit/brokers/sudo/cmd/sudo-broker/serve.go:141.2,142.16 2 1
github.com/osolmaz/brokerkit/brokers/sudo/cmd/sudo-broker/serve.go:142.16,144.3 1 0
github.com/osolmaz/brokerkit/brokers/sudo/cmd/sudo-broker/serve.go:145.2,146.16 2 1
github.com/osolmaz/brokerkit/brokers/sudo/cmd/sudo-broker/serve.go:146.16,148.3 1 0
github.com/osolmaz/brokerkit/brokers/sudo/cmd/sudo-broker/serve.go:149.2,150.32 2 1
github.com/osolmaz/brokerkit/brokers/sudo/cmd/sudo-broker/serve.go:150.32,152.17 2 1
github.com/osolmaz/brokerkit/brokers/sudo/cmd/sudo-broker/serve.go:152.17,154.4 1 0
github.com/osolmaz/brokerkit/brokers/sudo/cmd/sudo-broker/serve.go:156.2,157.16 2 1
github.com/osolmaz/brokerkit/brokers/sudo/cmd/sudo-broker/serve.go:157.16,159.3 1 0
github.com/osolmaz/brokerkit/brokers/sudo/cmd/sudo-broker/serve.go:160.2,162.30 3 1
github.com/osolmaz/brokerkit/brokers/sudo/cmd/sudo-broker/serve.go:162.30,164.17 2 0
github.com/osolmaz/brokerkit/brokers/sudo/cmd/sudo-broker/serve.go:164.17,166.4 1 0
github.com/osolmaz/brokerkit/brokers/sudo/cmd/sudo-broker/serve.go:167.3,170.17 2 0
github.com/osolmaz/brokerkit/brokers/sudo/cmd/sudo-broker/serve.go:170.17,172.4 1 0
github.com/osolmaz/brokerkit/brokers/sudo/cmd/sudo-broker/serve.go:174.2,176.21 3 1
github.com/osolmaz/brokerkit/brokers/sudo/cmd/sudo-broker/serve.go:176.21,179.3 2 0
github.com/osolmaz/brokerkit/brokers/sudo/cmd/sudo-broker/serve.go:180.2,184.4 1 1
github.com/osolmaz/brokerkit/brokers/sudo/cmd/sudo-broker/serve.go:187.74,189.16 2 1
github.com/osolmaz/brokerkit/brokers/sudo/cmd/sudo-broker/serve.go:189.16,191.3 1 0
github.com/osolmaz/brokerkit/brokers/sudo/cmd/sudo-broker/serve.go:192.2,194.38 3 1
github.com/osolmaz/brokerkit/brokers/sudo/cmd/sudo-broker/serve.go:194.38,196.3 1 1
github.com/osolmaz/brokerkit/brokers/sudo/cmd/sudo-broker/serve.go:197.2,197.12 1 1
github.com/osolmaz/brokerkit/brokers/sudo/cmd/sudo-broker/serve.go:205.47,205.66 1 1
github.com/osolmaz/brokerkit/brokers/sudo/cmd/sudo-broker/serve.go:206.59,207.19 1 1
github.com/osolmaz/brokerkit/brokers/sudo/cmd/sudo-broker/serve.go:207.19,209.3 1 1
github.com/osolmaz/brokerkit/brokers/sudo/cmd/sudo-broker/serve.go:210.2,210.24 1 1
github.com/osolmaz/brokerkit/brokers/sudo/cmd/sudo-broker/serve.go:212.50,212.71 1 1
github.com/osolmaz/brokerkit/brokers/sudo/cmd/sudo-broker/serve.go:214.83,216.14 2 1
github.com/osolmaz/brokerkit/brokers/sudo/cmd/sudo-broker/serve.go:216.14,218.3 1 1
github.com/osolmaz/brokerkit/brokers/sudo/cmd/sudo-broker/serve.go:219.2,219.15 1 1
github.com/osolmaz/brokerkit/brokers/sudo/cmd/sudo-broker/serve.go:222.67,224.33 2 1
github.com/osolmaz/brokerkit/brokers/sudo/cmd/sudo-broker/serve.go:224.33,225.31 1 1
github.com/osolmaz/brokerkit/brokers/sudo/cmd/sudo-broker/serve.go:225.31,225.74 1 1
github.com/osolmaz/brokerkit/brokers/sudo/cmd/sudo-broker/serve.go:227.2,227.9 1 1
github.com/osolmaz/brokerkit/brokers/sudo/cmd/sudo-broker/serve.go:228.30,230.43 2 1
github.com/osolmaz/brokerkit/brokers/sudo/cmd/sudo-broker/serve.go:230.43,232.4 1 0
github.com/osolmaz/brokerkit/brokers/sudo/cmd/sudo-broker/serve.go:233.3,233.13 1 1
github.com/osolmaz/brokerkit/brokers/sudo/cmd/sudo-broker/serve.go:234.20,235.31 1 1
github.com/osolmaz/brokerkit/brokers/sudo/cmd/sudo-broker/serve.go:239.49,243.33 4 1
github.com/osolmaz/brokerkit/brokers/sudo/cmd/sudo-broker/serve.go:243.33,245.3 1 1
github.com/osolmaz/brokerkit/brokers/sudo/cmd/sudo-broker/serve.go:246.2,246.31 1 1
github.com/osolmaz/brokerkit/brokers/sudo/cmd/sudo-broker/serve.go:249.50,251.16 2 1
github.com/osolmaz/brokerkit/brokers/sudo/cmd/sudo-broker/serve.go:251.16,253.3 1 1
github.com/osolmaz/brokerkit/brokers/sudo/cmd/sudo-broker/serve.go:254.2,255.56 2 1
github.com/osolmaz/brokerkit/brokers/sudo/cmd/sudo-broker/serve.go:255.56,257.3 1 1
github.com/osolmaz/brokerkit/brokers/sudo/cmd/sudo-broker/serve.go:258.2,258.25 1 1
github.com/osolmaz/brokerkit/brokers/sudo/cmd/sudo-broker/serve.go:258.25,260.3 1 0
github.com/osolmaz/brokerkit/brokers/sudo/cmd/sudo-broker/serve.go:261.2,262.35 2 1
github.com/osolmaz/brokerkit/brokers/sudo/cmd/sudo-broker/serve.go:262.35,264.3 1 1
github.com/osolmaz/brokerkit/brokers/sudo/cmd/sudo-broker/serve.go:265.2,265.12 1 1
github.com/osolmaz/brokerkit/brokers/sudo/cmd/sudo-broker/setup.go:15.93,16.20 1 1
github.com/osolmaz/brokerkit/brokers/sudo/cmd/sudo-broker/setup.go:16.20,18.3 1 0
github.com/osolmaz/brokerkit/brokers/sudo/cmd/sudo-broker/setup.go:19.2,19.17 1 1
github.com/osolmaz/brokerkit/brokers/sudo/cmd/sudo-broker/setup.go:20.16,24.25 2 1
github.com/osolmaz/brokerkit/brokers/sudo/cmd/sudo-broker/setup.go:24.25,26.4 1 0
github.com/osolmaz/brokerkit/brokers/sudo/cmd/sudo-broker/setup.go:27.3,28.13 2 1
github.com/osolmaz/brokerkit/brokers/sudo/cmd/sudo-broker/setup.go:29.17,30.56 1 0
github.com/osolmaz/brokerkit/brokers/sudo/cmd/sudo-broker/setup.go:31.10,32.32 1 1
github.com/osolmaz/brokerkit/brokers/sudo/cmd/sudo-broker/setup_systemd_linux.go:50.100,52.24 2 1
github.com/osolmaz/brokerkit/brokers/sudo/cmd/sudo-broker/setup_systemd_linux.go:52.24,54.3 1 1
github.com/osolmaz/brokerkit/brokers/sudo/cmd/sudo-broker/setup_systemd_linux.go:55.2,55.39 1 1
github.com/osolmaz/brokerkit/brokers/sudo/cmd/sudo-broker/setup_systemd_linux.go:55.39,57.3 1 0
github.com/osolmaz/brokerkit/brokers/sudo/cmd/sudo-broker/setup_systemd_linux.go:58.2,60.16 3 1
github.com/osolmaz/brokerkit/brokers/sudo/cmd/sudo-broker/setup_systemd_linux.go:60.16,62.3 1 0
github.com/osolmaz/brokerkit/brokers/sudo/cmd/sudo-broker/setup_systemd_linux.go:63.2,63.17 1 1
github.com/osolmaz/brokerkit/brokers/sudo/cmd/sudo-broker/setup_systemd_linux.go:63.17,65.3 1 1
github.com/osolmaz/brokerkit/brokers/sudo/cmd/sudo-broker/setup_systemd_linux.go:66.2,66.66 1 0
github.com/osolmaz/brokerkit/brokers/sudo/cmd/sudo-broker/setup_systemd_linux.go:66.66,68.3 1 0
github.com/osolmaz/brokerkit/brokers/sudo/cmd/sudo-broker/setup_systemd_linux.go:69.2,69.68 1 0
github.com/osolmaz/brokerkit/brokers/sudo/cmd/sudo-broker/setup_systemd_linux.go:69.68,71.3 1 0
github.com/osolmaz/brokerkit/brokers/sudo/cmd/sudo-broker/setup_systemd_linux.go:72.2,74.12 2 0
github.com/osolmaz/brokerkit/brokers/sudo/cmd/sudo-broker/setup_systemd_linux.go:77.114,99.42 19 1
github.com/osolmaz/brokerkit/brokers/sudo/cmd/sudo-broker/setup_systemd_linux.go:99.42,100.35 1 0
github.com/osolmaz/brokerkit/brokers/sudo/cmd/sudo-broker/setup_systemd_linux.go:100.35,103.4 2 0
github.com/osolmaz/brokerkit/brokers/sudo/cmd/sudo-broker/setup_systemd_linux.go:104.3,104.80 1 0
github.com/osolmaz/brokerkit/brokers/sudo/cmd/sudo-broker/setup_systemd_linux.go:106.2,106.23 1 1
github.com/osolmaz/brokerkit/brokers/sudo/cmd/sudo-broker/setup_systemd_linux.go:106.23,108.3 1 0
github.com/osolmaz/brokerkit/brokers/sudo/cmd/sudo-broker/setup_systemd_linux.go:109.2,110.16 2 1
github.com/osolmaz/brokerkit/brokers/sudo/cmd/sudo-broker/setup_systemd_linux.go:110.16,112.3 1 0
github.com/osolmaz/brokerkit/brokers/sudo/cmd/sudo-broker/setup_systemd_linux.go:113.2,114.29 2 1
github.com/osolmaz/brokerkit/brokers/sudo/cmd/sudo-broker/setup_systemd_linux.go:114.29,116.3 1 0
github.com/osolmaz/brokerkit/brokers/sudo/cmd/sudo-broker/setup_systemd_linux.go:117.2,118.16 2 1
github.com/osolmaz/brokerkit/brokers/sudo/cmd/sudo-broker/setup_systemd_linux.go:118.16,120.3 1 0
github.com/osolmaz/brokerkit/brokers/sudo/cmd/sudo-broker/setup_systemd_linux.go:121.2,123.16 3 1
github.com/osolmaz/brokerkit/brokers/sudo/cmd/sudo-broker/setup_systemd_linux.go:123.16,125.3 1 0
github.com/osolmaz/brokerkit/brokers/sudo/cmd/sudo-broker/setup_systemd_linux.go:126.2,127.16 2 1
github.com/osolmaz/brokerkit/brokers/sudo/cmd/sudo-broker/setup_systemd_linux.go:127.16,129.3 1 0
github.com/osolmaz/brokerkit/brokers/sudo/cmd/sudo-broker/setup_systemd_linux.go:130.2,130.54 1 1
github.com/osolmaz/brokerkit/brokers/sudo/cmd/sudo-broker/setup_systemd_linux.go:133.50,135.73 2 1
github.com/osolmaz/brokerkit/brokers/sudo/cmd/sudo-broker/setup_systemd_linux.go:135.73,137.3 1 1
github.com/osolmaz/brokerkit/brokers/sudo/cmd/sudo-broker/setup_systemd_linux.go:138.2,138.46 1 1
github.com/osolmaz/brokerkit/brokers/sudo/cmd/sudo-broker/setup_systemd_linux.go:141.64,142.53 1 1
github.com/osolmaz/brokerkit/brokers/sudo/cmd/sudo-broker/setup_systemd_linux.go:142.53,144.3 1 1
github.com/osolmaz/brokerkit/brokers/sudo/cmd/sudo-broker/setup_systemd_linux.go:145.2,145.39 1 1
github.com/osolmaz/brokerkit/brokers/sudo/cmd/sudo-broker/setup_systemd_linux.go:145.39,147.3 1 0
github.com/osolmaz/brokerkit/brokers/sudo/cmd/sudo-broker/setup_systemd_linux.go:148.2,148.154 1 1
github.com/osolmaz/brokerkit/brokers/sudo/cmd/sudo-broker/setup_systemd_linux.go:148.154,149.63 1 1
github.com/osolmaz/brokerkit/brokers/sudo/cmd/sudo-broker/setup_systemd_linux.go:149.63,151.4 1 1
github.com/osolmaz/brokerkit/brokers/sudo/cmd/sudo-broker/setup_systemd_linux.go:153.2,153.130 1 1
github.com/osolmaz/brokerkit/brokers/sudo/cmd/sudo-broker/setup_systemd_linux.go:153.130,155.3 1 1
github.com/osolmaz/brokerkit/brokers/sudo/cmd/sudo-broker/setup_systemd_linux.go:156.2,156.122 1 1
github.com/osolmaz/brokerkit/brokers/sudo/cmd/sudo-broker/setup_systemd_linux.go:156.122,158.3 1 0
github.com/osolmaz/brokerkit/brokers/sudo/cmd/sudo-broker/setup_systemd_linux.go:159.2,159.73 1 1
github.com/osolmaz/brokerkit/brokers/sudo/cmd/sudo-broker/setup_systemd_linux.go:159.73,161.3 1 1
github.com/osolmaz/brokerkit/brokers/sudo/cmd/sudo-broker/setup_systemd_linux.go:162.2,162.46 1 1
github.com/osolmaz/brokerkit/brokers/sudo/cmd/sudo-broker/setup_systemd_linux.go:162.46,164.3 1 1
github.com/osolmaz/brokerkit/brokers/sudo/cmd/sudo-broker/setup_systemd_linux.go:165.2,165.69 1 1
github.com/osolmaz/brokerkit/brokers/sudo/cmd/sudo-broker/setup_systemd_linux.go:165.69,167.3 1 1
github.com/osolmaz/brokerkit/brokers/sudo/cmd/sudo-broker/setup_systemd_linux.go:168.2,168.39 1 1
github.com/osolmaz/brokerkit/brokers/sudo/cmd/sudo-broker/setup_systemd_linux.go:168.39,169.71 1 0
github.com/osolmaz/brokerkit/brokers/sudo/cmd/sudo-broker/setup_systemd_linux.go:169.71,171.4 1 0
github.com/osolmaz/brokerkit/brokers/sudo/cmd/sudo-broker/setup_systemd_linux.go:173.2,173.12 1 1
github.com/osolmaz/brokerkit/brokers/sudo/cmd/sudo-broker/setup_systemd_linux.go:176.58,183.2 1 1
github.com/osolmaz/brokerkit/brokers/sudo/cmd/sudo-broker/setup_systemd_linux.go:185.140,187.16 2 1
github.com/osolmaz/brokerkit/brokers/sudo/cmd/sudo-broker/setup_systemd_linux.go:187.16,189.3 1 0
github.com/osolmaz/brokerkit/brokers/sudo/cmd/sudo-broker/setup_systemd_linux.go:190.2,190.93 1 1
github.com/osolmaz/brokerkit/brokers/sudo/cmd/sudo-broker/setup_systemd_linux.go:190.93,192.3 1 0
github.com/osolmaz/brokerkit/brokers/sudo/cmd/sudo-broker/setup_systemd_linux.go:193.2,194.16 2 1
github.com/osolmaz/brokerkit/brokers/sudo/cmd/sudo-broker/setup_systemd_linux.go:194.16,196.3 1 0
github.com/osolmaz/brokerkit/brokers/sudo/cmd/sudo-broker/setup_systemd_linux.go:197.2,198.16 2 1
github.com/osolmaz/brokerkit/brokers/sudo/cmd/sudo-broker/setup_systemd_linux.go:198.16,200.3 1 0
[...]
github.com/osolmaz/brokerkit/brokers/sudo/internal/executorserver/state.go:107.37,109.3 1 0
github.com/osolmaz/brokerkit/brokers/sudo/internal/executorserver/state.go:110.2,110.26 1 1
github.com/osolmaz/brokerkit/brokers/sudo/internal/executorserver/state.go:113.109,115.2 1 1
github.com/osolmaz/brokerkit/brokers/sudo/internal/executorserver/state.go:117.55,118.58 1 1
github.com/osolmaz/brokerkit/brokers/sudo/internal/executorserver/state.go:118.58,119.40 1 1
github.com/osolmaz/brokerkit/brokers/sudo/internal/executorserver/state.go:119.40,121.4 1 0
github.com/osolmaz/brokerkit/brokers/sudo/internal/executorserver/state.go:122.3,124.13 3 1
github.com/osolmaz/brokerkit/brokers/sudo/internal/executorserver/state.go:128.86,129.58 1 1
github.com/osolmaz/brokerkit/brokers/sudo/internal/executorserver/state.go:129.58,130.40 1 1
github.com/osolmaz/brokerkit/brokers/sudo/internal/executorserver/state.go:130.40,132.4 1 1
github.com/osolmaz/brokerkit/brokers/sudo/internal/executorserver/state.go:133.3,136.13 4 1
github.com/osolmaz/brokerkit/brokers/sudo/internal/executorserver/state.go:140.87,144.16 4 1
github.com/osolmaz/brokerkit/brokers/sudo/internal/executorserver/state.go:144.16,146.3 1 0
github.com/osolmaz/brokerkit/brokers/sudo/internal/executorserver/state.go:147.2,147.37 1 1
github.com/osolmaz/brokerkit/brokers/sudo/internal/executorserver/state.go:147.37,148.38 1 1
github.com/osolmaz/brokerkit/brokers/sudo/internal/executorserver/state.go:148.38,149.58 1 1
github.com/osolmaz/brokerkit/brokers/sudo/internal/executorserver/state.go:149.58,151.5 1 1
github.com/osolmaz/brokerkit/brokers/sudo/internal/executorserver/state.go:152.4,152.23 1 1
github.com/osolmaz/brokerkit/brokers/sudo/internal/executorserver/state.go:155.2,155.47 1 1
github.com/osolmaz/brokerkit/brokers/sudo/internal/executorserver/state.go:158.56,160.36 2 1
github.com/osolmaz/brokerkit/brokers/sudo/internal/executorserver/state.go:160.36,162.3 1 1
github.com/osolmaz/brokerkit/brokers/sudo/internal/executorserver/state.go:163.2,163.16 1 1
github.com/osolmaz/brokerkit/brokers/sudo/internal/executorserver/state.go:163.16,165.3 1 0
github.com/osolmaz/brokerkit/brokers/sudo/internal/executorserver/state.go:166.2,166.59 1 1
github.com/osolmaz/brokerkit/brokers/sudo/internal/executorserver/state.go:166.59,168.3 1 1
github.com/osolmaz/brokerkit/brokers/sudo/internal/executorserver/state.go:169.2,169.66 1 1
github.com/osolmaz/brokerkit/brokers/sudo/internal/executorserver/state.go:169.66,171.3 1 1
github.com/osolmaz/brokerkit/brokers/sudo/internal/executorserver/state.go:172.2,175.46 4 1
github.com/osolmaz/brokerkit/brokers/sudo/internal/executorserver/state.go:175.46,177.3 1 1
github.com/osolmaz/brokerkit/brokers/sudo/internal/executorserver/state.go:178.2,178.65 1 1
github.com/osolmaz/brokerkit/brokers/sudo/internal/executorserver/state.go:178.65,180.3 1 0
github.com/osolmaz/brokerkit/brokers/sudo/internal/executorserver/state.go:181.2,181.23 1 1
github.com/osolmaz/brokerkit/brokers/sudo/internal/executorserver/state.go:181.23,183.3 1 1
github.com/osolmaz/brokerkit/brokers/sudo/internal/executorserver/state.go:184.2,184.44 1 1
github.com/osolmaz/brokerkit/brokers/sudo/internal/executorserver/state.go:184.44,186.3 1 0
github.com/osolmaz/brokerkit/brokers/sudo/internal/executorserver/state.go:187.2,188.45 2 1
github.com/osolmaz/brokerkit/brokers/sudo/internal/executorserver/state.go:188.45,189.64 1 1
github.com/osolmaz/brokerkit/brokers/sudo/internal/executorserver/state.go:189.64,191.4 1 0
github.com/osolmaz/brokerkit/brokers/sudo/internal/executorserver/state.go:192.3,192.25 1 1
github.com/osolmaz/brokerkit/brokers/sudo/internal/executorserver/state.go:194.2,194.18 1 1
github.com/osolmaz/brokerkit/brokers/sudo/internal/executorserver/state.go:197.57,199.44 2 1
github.com/osolmaz/brokerkit/brokers/sudo/internal/executorserver/state.go:199.44,201.3 1 1
github.com/osolmaz/brokerkit/brokers/sudo/internal/executorserver/state.go:202.2,203.16 2 1
github.com/osolmaz/brokerkit/brokers/sudo/internal/executorserver/state.go:203.16,205.3 1 0
github.com/osolmaz/brokerkit/brokers/sudo/internal/executorserver/state.go:206.2,206.34 1 1
github.com/osolmaz/brokerkit/brokers/sudo/internal/executorserver/state.go:206.34,208.3 1 0
github.com/osolmaz/brokerkit/brokers/sudo/internal/executorserver/state.go:209.2,209.68 1 1
github.com/osolmaz/brokerkit/brokers/sudo/internal/executorserver/state.go:212.60,213.182 1 1
github.com/osolmaz/brokerkit/brokers/sudo/internal/executorserver/state.go:213.182,215.3 1 1
github.com/osolmaz/brokerkit/brokers/sudo/internal/executorserver/state.go:216.2,216.23 1 1
github.com/osolmaz/brokerkit/brokers/sudo/internal/executorserver/state.go:217.24,218.90 1 1
github.com/osolmaz/brokerkit/brokers/sudo/internal/executorserver/state.go:218.90,220.4 1 1
github.com/osolmaz/brokerkit/brokers/sudo/internal/executorserver/state.go:221.24,222.134 1 1
github.com/osolmaz/brokerkit/brokers/sudo/internal/executorserver/state.go:222.134,224.4 1 1
github.com/osolmaz/brokerkit/brokers/sudo/internal/executorserver/state.go:225.25,226.227 1 1
github.com/osolmaz/brokerkit/brokers/sudo/internal/executorserver/state.go:226.227,228.4 1 1
github.com/osolmaz/brokerkit/brokers/sudo/internal/executorserver/state.go:229.3,229.127 1 1
github.com/osolmaz/brokerkit/brokers/sudo/internal/executorserver/state.go:229.127,231.4 1 0
github.com/osolmaz/brokerkit/brokers/sudo/internal/executorserver/state.go:232.10,233.51 1 1
github.com/osolmaz/brokerkit/brokers/sudo/internal/executorserver/state.go:235.2,235.12 1 1
github.com/osolmaz/brokerkit/brokers/sudo/internal/executorserver/state.go:238.40,240.2 1 1
github.com/osolmaz/brokerkit/brokers/sudo/internal/executorserver/state.go:242.84,243.70 1 1
github.com/osolmaz/brokerkit/brokers/sudo/internal/executorserver/state.go:243.70,245.3 1 1
github.com/osolmaz/brokerkit/brokers/sudo/internal/routes/server.go:78.41,79.146 1 1
github.com/osolmaz/brokerkit/brokers/sudo/internal/routes/server.go:79.146,81.3 1 1
github.com/osolmaz/brokerkit/brokers/sudo/internal/routes/server.go:82.2,87.16 3 1
github.com/osolmaz/brokerkit/brokers/sudo/internal/routes/server.go:87.16,89.3 1 1
github.com/osolmaz/brokerkit/brokers/sudo/internal/routes/server.go:90.2,91.16 2 1
github.com/osolmaz/brokerkit/brokers/sudo/internal/routes/server.go:91.16,93.3 1 1
github.com/osolmaz/brokerkit/brokers/sudo/internal/routes/server.go:94.2,95.24 2 1
github.com/osolmaz/brokerkit/brokers/sudo/internal/routes/server.go:95.24,97.3 1 1
github.com/osolmaz/brokerkit/brokers/sudo/internal/routes/server.go:98.2,105.89 6 1
github.com/osolmaz/brokerkit/brokers/sudo/internal/routes/server.go:105.89,107.3 1 0
github.com/osolmaz/brokerkit/brokers/sudo/internal/routes/server.go:108.2,109.20 2 1
github.com/osolmaz/brokerkit/brokers/sudo/internal/routes/server.go:112.41,112.58 1 1
github.com/osolmaz/brokerkit/brokers/sudo/internal/routes/server.go:114.49,114.85 1 1
github.com/osolmaz/brokerkit/brokers/sudo/internal/routes/server.go:116.45,117.21 1 1
github.com/osolmaz/brokerkit/brokers/sudo/internal/routes/server.go:117.21,119.3 1 1
github.com/osolmaz/brokerkit/brokers/sudo/internal/routes/server.go:122.35,123.52 1 1
github.com/osolmaz/brokerkit/brokers/sudo/internal/routes/server.go:123.52,123.113 1 0
github.com/osolmaz/brokerkit/brokers/sudo/internal/routes/server.go:124.2,129.49 6 1
github.com/osolmaz/brokerkit/brokers/sudo/internal/routes/server.go:132.71,133.36 1 1
github.com/osolmaz/brokerkit/brokers/sudo/internal/routes/server.go:133.36,135.17 2 1
github.com/osolmaz/brokerkit/brokers/sudo/internal/routes/server.go:135.17,137.4 1 1
github.com/osolmaz/brokerkit/brokers/sudo/internal/routes/server.go:138.3,139.17 2 1
github.com/osolmaz/brokerkit/brokers/sudo/internal/routes/server.go:143.54,144.36 1 1
github.com/osolmaz/brokerkit/brokers/sudo/internal/routes/server.go:144.36,147.3 2 1
github.com/osolmaz/brokerkit/brokers/sudo/internal/routes/server.go:150.50,151.62 1 1
github.com/osolmaz/brokerkit/brokers/sudo/internal/routes/server.go:151.62,153.3 1 1
github.com/osolmaz/brokerkit/brokers/sudo/internal/routes/server.go:154.2,154.59 1 1
github.com/osolmaz/brokerkit/brokers/sudo/internal/routes/server.go:188.54,189.48 1 1
github.com/osolmaz/brokerkit/brokers/sudo/internal/routes/server.go:189.48,191.3 1 1
github.com/osolmaz/brokerkit/brokers/sudo/internal/routes/server.go:192.2,193.46 2 1
github.com/osolmaz/brokerkit/brokers/sudo/internal/routes/server.go:193.46,195.3 1 1
github.com/osolmaz/brokerkit/brokers/sudo/internal/routes/server.go:196.2,196.52 1 1
github.com/osolmaz/brokerkit/brokers/sudo/internal/routes/server.go:196.52,198.3 1 0
github.com/osolmaz/brokerkit/brokers/sudo/internal/routes/server.go:199.2,201.16 3 1
github.com/osolmaz/brokerkit/brokers/sudo/internal/routes/server.go:201.16,203.3 1 0
github.com/osolmaz/brokerkit/brokers/sudo/internal/routes/server.go:204.2,205.80 2 1
github.com/osolmaz/brokerkit/brokers/sudo/internal/routes/server.go:205.80,208.3 2 1
github.com/osolmaz/brokerkit/brokers/sudo/internal/routes/server.go:209.2,210.16 2 1
github.com/osolmaz/brokerkit/brokers/sudo/internal/routes/server.go:210.16,212.3 1 0
github.com/osolmaz/brokerkit/brokers/sudo/internal/routes/server.go:213.2,216.16 3 1
github.com/osolmaz/brokerkit/brokers/sudo/internal/routes/server.go:216.16,218.3 1 0
github.com/osolmaz/brokerkit/brokers/sudo/internal/routes/server.go:219.2,221.16 3 1
github.com/osolmaz/brokerkit/brokers/sudo/internal/routes/server.go:221.16,224.3 2 0
github.com/osolmaz/brokerkit/brokers/sudo/internal/routes/server.go:225.2,225.13 1 1
github.com/osolmaz/brokerkit/brokers/sudo/internal/routes/server.go:225.13,227.3 1 1
github.com/osolmaz/brokerkit/brokers/sudo/internal/routes/server.go:228.2,229.16 2 1
github.com/osolmaz/brokerkit/brokers/sudo/internal/routes/server.go:229.16,232.3 2 0
github.com/osolmaz/brokerkit/brokers/sudo/internal/routes/server.go:233.2,233.54 1 1
github.com/osolmaz/brokerkit/brokers/sudo/internal/routes/server.go:233.54,236.3 2 0
github.com/osolmaz/brokerkit/brokers/sudo/internal/routes/server.go:237.2,239.16 3 1
github.com/osolmaz/brokerkit/brokers/sudo/internal/routes/server.go:239.16,241.3 1 1
github.com/osolmaz/brokerkit/brokers/sudo/internal/routes/server.go:242.2,243.16 2 1
github.com/osolmaz/brokerkit/brokers/sudo/internal/routes/server.go:243.16,245.3 1 0
github.com/osolmaz/brokerkit/brokers/sudo/internal/routes/server.go:246.2,248.13 3 1
github.com/osolmaz/brokerkit/brokers/sudo/internal/routes/server.go:248.13,250.3 1 1
github.com/osolmaz/brokerkit/brokers/sudo/internal/routes/server.go:251.2,251.64 1 1
github.com/osolmaz/brokerkit/brokers/sudo/internal/routes/server.go:254.132,256.16 2 1
github.com/osolmaz/brokerkit/brokers/sudo/internal/routes/server.go:256.16,258.3 1 0
github.com/osolmaz/brokerkit/brokers/sudo/internal/routes/server.go:259.2,259.30 1 1
github.com/osolmaz/brokerkit/brokers/sudo/internal/routes/server.go:259.30,260.88 1 1
github.com/osolmaz/brokerkit/brokers/sudo/internal/routes/server.go:260.88,261.12 1 0
github.com/osolmaz/brokerkit/brokers/sudo/internal/routes/server.go:263.3,264.17 2 1
github.com/osolmaz/brokerkit/brokers/sudo/internal/routes/server.go:264.17,266.4 1 0
github.com/osolmaz/brokerkit/brokers/sudo/internal/routes/server.go:267.3,267.36 1 1
github.com/osolmaz/brokerkit/brokers/sudo/internal/routes/server.go:269.2,269.32 1 1
github.com/osolmaz/brokerkit/brokers/sudo/internal/routes/server.go:272.86,274.16 2 1
github.com/osolmaz/brokerkit/brokers/sudo/internal/routes/server.go:274.16,276.3 1 0
github.com/osolmaz/brokerkit/brokers/sudo/internal/routes/server.go:277.2,278.30 2 1
github.com/osolmaz/brokerkit/brokers/sudo/internal/routes/server.go:278.30,279.59 1 0
github.com/osolmaz/brokerkit/brokers/sudo/internal/routes/server.go:279.59,281.4 1 0
github.com/osolmaz/brokerkit/brokers/sudo/internal/routes/server.go:283.2,284.12 2 1
github.com/osolmaz/brokerkit/brokers/sudo/internal/routes/server.go:287.51,289.56 2 1
github.com/osolmaz/brokerkit/brokers/sudo/internal/routes/server.go:289.56,291.3 1 1
github.com/osolmaz/brokerkit/brokers/sudo/internal/routes/server.go:292.2,292.70 1 1
github.com/osolmaz/brokerkit/brokers/sudo/internal/routes/server.go:295.48,297.46 2 1
github.com/osolmaz/brokerkit/brokers/sudo/internal/routes/server.go:297.46,299.3 1 0
github.com/osolmaz/brokerkit/brokers/sudo/internal/routes/server.go:300.2,300.54 1 1
github.com/osolmaz/brokerkit/brokers/sudo/internal/routes/server.go:300.54,302.3 1 0
github.com/osolmaz/brokerkit/brokers/sudo/internal/routes/server.go:303.2,305.16 3 1
github.com/osolmaz/brokerkit/brokers/sudo/internal/routes/server.go:305.16,307.3 1 0
github.com/osolmaz/brokerkit/brokers/sudo/internal/routes/server.go:308.2,309.16 2 1
github.com/osolmaz/brokerkit/brokers/sudo/internal/routes/server.go:309.16,311.3 1 0
github.com/osolmaz/brokerkit/brokers/sudo/internal/routes/server.go:312.2,313.49 2 1
github.com/osolmaz/brokerkit/brokers/sudo/internal/routes/server.go:313.49,316.3 2 1
github.com/osolmaz/brokerkit/brokers/sudo/internal/routes/server.go:317.2,318.16 2 1
github.com/osolmaz/brokerkit/brokers/sudo/internal/routes/server.go:318.16,320.3 1 0
github.com/osolmaz/brokerkit/brokers/sudo/internal/routes/server.go:321.2,322.16 2 1
github.com/osolmaz/brokerkit/brokers/sudo/internal/routes/server.go:322.16,325.3 2 0
github.com/osolmaz/brokerkit/brokers/sudo/internal/routes/server.go:326.2,328.73 3 1
github.com/osolmaz/brokerkit/brokers/sudo/internal/routes/server.go:331.158,332.20 1 1
github.com/osolmaz/brokerkit/brokers/sudo/internal/routes/server.go:332.20,333.45 1 1
github.com/osolmaz/brokerkit/brokers/sudo/internal/routes/server.go:333.45,337.4 3 1
github.com/osolmaz/brokerkit/brokers/sudo/internal/routes/server.go:338.3,340.111 3 0
github.com/osolmaz/brokerkit/brokers/sudo/internal/routes/server.go:342.2,342.25 1 1
github.com/osolmaz/brokerkit/brokers/sudo/internal/routes/server.go:343.39,346.90 3 1
github.com/osolmaz/brokerkit/brokers/sudo/internal/routes/server.go:347.40,350.111 3 1
github.com/osolmaz/brokerkit/brokers/sudo/internal/routes/server.go:351.40,352.30 1 1
github.com/osolmaz/brokerkit/brokers/sudo/internal/routes/server.go:352.30,355.4 2 1
github.com/osolmaz/brokerkit/brokers/sudo/internal/routes/server.go:356.3,356.32 1 1
github.com/osolmaz/brokerkit/brokers/sudo/internal/routes/server.go:356.32,359.4 2 1
github.com/osolmaz/brokerkit/brokers/sudo/internal/routes/server.go:360.3,360.60 1 1
github.com/osolmaz/brokerkit/brokers/sudo/internal/routes/server.go:360.60,363.4 2 0
github.com/osolmaz/brokerkit/brokers/sudo/internal/routes/server.go:364.3,365.85 2 1
github.com/osolmaz/brokerkit/brokers/sudo/internal/routes/server.go:366.10,368.111 2 1
github.com/osolmaz/brokerkit/brokers/sudo/internal/routes/server.go:372.108,374.16 2 1
github.com/osolmaz/brokerkit/brokers/sudo/internal/routes/server.go:374.16,376.3 1 0
github.com/osolmaz/brokerkit/brokers/sudo/internal/routes/server.go:377.2,377.60 1 1
github.com/osolmaz/brokerkit/brokers/sudo/internal/routes/server.go:380.104,382.92 2 1
github.com/osolmaz/brokerkit/brokers/sudo/internal/routes/server.go:382.92,384.3 1 1
github.com/osolmaz/brokerkit/brokers/sudo/internal/routes/server.go:385.2,386.16 2 1
github.com/osolmaz/brokerkit/brokers/sudo/internal/routes/server.go:386.16,388.3 1 0
github.com/osolmaz/brokerkit/brokers/sudo/internal/routes/server.go:389.2,389.14 1 1
github.com/osolmaz/brokerkit/brokers/sudo/internal/routes/server.go:389.14,391.3 1 0
github.com/osolmaz/brokerkit/brokers/sudo/internal/routes/server.go:392.2,401.16 4 1
github.com/osolmaz/brokerkit/brokers/sudo/internal/routes/server.go:401.16,402.27 1 1
github.com/osolmaz/brokerkit/brokers/sudo/internal/routes/server.go:402.27,404.24 2 1
github.com/osolmaz/brokerkit/brokers/sudo/internal/routes/server.go:404.24,406.5 1 1
github.com/osolmaz/brokerkit/brokers/sudo/internal/routes/server.go:408.3,409.108 2 1
github.com/osolmaz/brokerkit/brokers/sudo/internal/routes/server.go:411.2,412.29 2 1
github.com/osolmaz/brokerkit/brokers/sudo/internal/routes/server.go:412.29,414.3 1 0
github.com/osolmaz/brokerkit/brokers/sudo/internal/routes/server.go:415.2,415.20 1 1
github.com/osolmaz/brokerkit/brokers/sudo/internal/routes/server.go:418.48,420.16 2 1
github.com/osolmaz/brokerkit/brokers/sudo/internal/routes/server.go:420.16,422.3 1 0
github.com/osolmaz/brokerkit/brokers/sudo/internal/routes/server.go:423.2,423.61 1 1
github.com/osolmaz/brokerkit/brokers/sudo/internal/routes/server.go:423.61,425.3 1 1
github.com/osolmaz/brokerkit/brokers/sudo/internal/routes/server.go:426.2,428.44 3 1
github.com/osolmaz/brokerkit/brokers/sudo/internal/routes/server.go:428.44,430.3 1 1
github.com/osolmaz/brokerkit/brokers/sudo/internal/routes/server.go:431.2,431.65 1 1
github.com/osolmaz/brokerkit/brokers/sudo/internal/routes/server.go:431.65,433.3 1 0
github.com/osolmaz/brokerkit/brokers/sudo/internal/routes/server.go:434.2,434.12 1 1
github.com/osolmaz/brokerkit/brokers/sudo/internal/routes/server.go:437.53,438.65 1 1
github.com/osolmaz/brokerkit/brokers/sudo/internal/routes/server.go:438.65,440.3 1 1
github.com/osolmaz/brokerkit/brokers/sudo/internal/routes/server.go:441.2,441.39 1 1
github.com/osolmaz/brokerkit/brokers/sudo/internal/routes/server.go:441.39,443.3 1 0
github.com/osolmaz/brokerkit/brokers/sudo/internal/routes/server.go:444.2,445.93 2 1
github.com/osolmaz/brokerkit/brokers/sudo/internal/routes/server.go:445.93,447.3 1 1
github.com/osolmaz/brokerkit/brokers/sudo/internal/routes/server.go:448.2,448.23 1 1
github.com/osolmaz/brokerkit/brokers/sudo/internal/routes/server.go:448.23,450.3 1 1
github.com/osolmaz/brokerkit/brokers/sudo/internal/routes/server.go:451.2,451.12 1 1
github.com/osolmaz/brokerkit/brokers/sudo/internal/routes/server.go:454.57,455.65 1 1
github.com/osolmaz/brokerkit/brokers/sudo/internal/routes/server.go:455.65,457.3 1 0
github.com/osolmaz/brokerkit/brokers/sudo/internal/routes/server.go:458.2,458.35 1 1
github.com/osolmaz/brokerkit/brokers/sudo/internal/routes/server.go:458.35,460.3 1 1
github.com/osolmaz/brokerkit/brokers/sudo/internal/routes/server.go:461.2,461.12 1 1
github.com/osolmaz/brokerkit/brokers/sudo/internal/routes/server.go:464.53,465.91 1 1
github.com/osolmaz/brokerkit/brokers/sudo/internal/routes/server.go:465.91,467.3 1 1
github.com/osolmaz/brokerkit/brokers/sudo/internal/routes/server.go:468.2,468.12 1 1
github.com/osolmaz/brokerkit/brokers/sudo/internal/routes/server.go:471.35,473.2 1 1
github.com/osolmaz/brokerkit/brokers/sudo/internal/routes/server.go:475.101,476.111 1 1
github.com/osolmaz/brokerkit/brokers/sudo/internal/routes/server.go:476.111,478.3 1 1
github.com/osolmaz/brokerkit/brokers/sudo/internal/routes/server.go:479.2,479.18 1 1
github.com/osolmaz/brokerkit/brokers/sudo/internal/routes/server.go:479.18,481.3 1 1
github.com/osolmaz/brokerkit/brokers/sudo/internal/routes/server.go:482.2,482.48 1 1
github.com/osolmaz/brokerkit/brokers/sudo/internal/routes/server.go:482.48,484.3 1 0
github.com/osolmaz/brokerkit/brokers/sudo/internal/routes/server.go:485.2,485.105 1 1
github.com/osolmaz/brokerkit/brokers/sudo/internal/routes/server.go:488.34,489.51 1 1
github.com/osolmaz/brokerkit/brokers/sudo/internal/routes/server.go:489.51,491.3 1 1
github.com/osolmaz/brokerkit/brokers/sudo/internal/routes/server.go:492.2,492.77 1 0
github.com/osolmaz/brokerkit/brokers/sudo/internal/routes/server.go:495.43,497.31 2 1
github.com/osolmaz/brokerkit/brokers/sudo/internal/routes/server.go:497.31,500.3 2 0
github.com/osolmaz/brokerkit/brokers/sudo/internal/routes/server.go:501.2,502.48 2 1
github.com/osolmaz/brokerkit/brokers/sudo/internal/routes/server.go:502.48,504.3 1 0
github.com/osolmaz/brokerkit/brokers/sudo/internal/routes/server.go:505.2,508.68 1 1
github.com/osolmaz/brokerkit/brokers/sudo/internal/routes/server.go:511.71,518.2 2 1
github.com/osolmaz/brokerkit/brokers/sudo/internal/routes/server.go:520.47,523.2 2 1
github.com/osolmaz/brokerkit/brokers/sudo/internal/routes/server.go:525.117,529.2 1 1
